<?xml version="1.0" encoding="UTF-8"?>
<testsuite xmlns:xsi="http://www.w3.org/2001/XMLSchema-instance" xsi:schemaLocation="https://maven.apache.org/surefire/maven-surefire-plugin/xsd/surefire-test-report.xsd" name="CucumberTestSuite" time="242.894" tests="33" errors="0" skipped="0" failures="0">
  <properties>
    <property name="java.runtime.name" value="Java(TM) SE Runtime Environment"/>
    <property name="java.vm.version" value="17.0.2+8-LTS-86"/>
    <property name="sun.boot.library.path" value="C:\Program Files\Java\jdk-17.0.2\bin"/>
    <property name="maven.multiModuleProjectDirectory" value="C:\Users\LENOVO-PC\OneDrive - IT-PLN\Dokumen\apenim\Diskusiaza-QE\Android Test"/>
    <property name="java.vm.vendor" value="Oracle Corporation"/>
    <property name="java.vendor.url" value="https://java.oracle.com/"/>
    <property name="guice.disable.misplaced.annotation.check" value="true"/>
    <property name="path.separator" value=";"/>
    <property name="java.vm.name" value="Java HotSpot(TM) 64-Bit Server VM"/>
    <property name="sun.os.patch.level" value=""/>
    <property name="user.script" value=""/>
    <property name="user.country" value="ID"/>
    <property name="sun.java.launcher" value="SUN_STANDARD"/>
    <property name="java.vm.specification.name" value="Java Virtual Machine Specification"/>
    <property name="user.dir" value="C:\Users\LENOVO-PC\OneDrive - IT-PLN\Dokumen\apenim\Diskusiaza-QE\Android Test"/>
    <property name="java.vm.compressedOopsMode" value="32-bit"/>
    <property name="java.runtime.version" value="17.0.2+8-LTS-86"/>
    <property name="os.arch" value="amd64"/>
    <property name="java.io.tmpdir" value="C:\Users\LENOVO~1\AppData\Local\Temp\"/>
    <property name="line.separator" value="&#10;"/>
    <property name="java.vm.specification.vendor" value="Oracle Corporation"/>
    <property name="user.variant" value=""/>
    <property name="os.name" value="Windows 11"/>
    <property name="classworlds.conf" value="C:\apache-maven-3.8.5\bin\m2.conf"/>
    <property name="sun.jnu.encoding" value="Cp1252"/>
    <property name="java.library.path" value="C:\Program Files\Java\jdk-17.0.2\bin;C:\WINDOWS\Sun\Java\bin;C:\WINDOWS\system32;C:\WINDOWS;C:\Program Files\Common Files\Oracle\Java\javapath;C:\WINDOWS\system32;C:\WINDOWS;C:\WINDOWS\System32\Wbem;C:\WINDOWS\System32\WindowsPowerShell\v1.0\;C:\WINDOWS\System32\OpenSSH\;C:\Program Files\MATLAB\R2017a\bin;C:\Program Files\Git\cmd;C:\Program Files\Microsoft SQL Server\110\Tools\Binn\;C:\apache-maven-3.8.5\bin;%ANDROID_HOME;C:\Users\LENOVO-PC\AppData\Local\Android\Sdk\platform-tools;C:\Program Files\nodejs\;C:\Users\LENOVO-PC\AppData\Local\Microsoft\WindowsApps;C:\Users\LENOVO-PC\AppData\Roaming\npm;."/>
    <property name="maven.conf" value="C:\apache-maven-3.8.5/conf"/>
    <property name="jdk.debug" value="release"/>
    <property name="java.class.version" value="61.0"/>
    <property name="java.specification.name" value="Java Platform API Specification"/>
    <property name="sun.management.compiler" value="HotSpot 64-Bit Tiered Compilers"/>
    <property name="os.version" value="10.0"/>
    <property name="library.jansi.path" value="C:\apache-maven-3.8.5\lib\jansi-native"/>
    <property name="user.home" value="C:\Users\LENOVO-PC"/>
    <property name="tags" value="@landing"/>
    <property name="user.timezone" value="Asia/Jakarta"/>
    <property name="file.encoding" value="Cp1252"/>
    <property name="java.specification.version" value="17"/>
    <property name="user.name" value="LENOVO-PC"/>
    <property name="java.class.path" value="C:\apache-maven-3.8.5\boot\plexus-classworlds-2.6.0.jar"/>
    <property name="java.vm.specification.version" value="17"/>
    <property name="sun.arch.data.model" value="64"/>
    <property name="sun.java.command" value="org.codehaus.plexus.classworlds.launcher.Launcher clean verify -Dtags=@landing"/>
    <property name="java.home" value="C:\Program Files\Java\jdk-17.0.2"/>
    <property name="user.language" value="en"/>
    <property name="java.specification.vendor" value="Oracle Corporation"/>
    <property name="java.vm.info" value="mixed mode, sharing"/>
    <property name="java.version" value="17.0.2"/>
    <property name="native.encoding" value="Cp1252"/>
    <property name="java.vendor" value="Oracle Corporation"/>
    <property name="sun.stderr.encoding" value="cp437"/>
    <property name="maven.home" value="C:\apache-maven-3.8.5"/>
    <property name="file.separator" value="\"/>
    <property name="java.version.date" value="2022-01-18"/>
    <property name="java.vendor.url.bug" value="https://bugreport.java.com/bugreport/"/>
    <property name="sun.io.unicode.encoding" value="UnicodeLittle"/>
    <property name="sun.cpu.endian" value="little"/>
    <property name="sun.stdout.encoding" value="cp437"/>
    <property name="sun.cpu.isalist" value="amd64"/>
  </properties>
  <testcase name="user login with email ii@gmail.com and password 123" classname="User open profile page" time="25.789"/>
  <testcase name="user on landing page" classname="User open profile page" time="0.007"/>
  <testcase name="user click profile" classname="User open profile page" time="0.741"/>
  <testcase name="user on Profile page" classname="User open profile page" time="0.057"/>
  <testcase name="User open profile page" classname="User open profile page" time="0.104"/>
  <testcase name="user login with email ii@gmail.com and password 123" classname="User open explore page" time="23.745"/>
  <testcase name="user on landing page" classname="User open explore page" time="0.115"/>
  <testcase name="user click explore" classname="User open explore page" time="0.756"/>
  <testcase name="user on explore page" classname="User open explore page" time="0.069"/>
  <testcase name="User open explore page" classname="User open explore page" time="0.108"/>
  <testcase name="user login with email ii@gmail.com and password 123" classname="User open trending page" time="57.006"/>
  <testcase name="user on landing page" classname="User open trending page" time="0.493"/>
  <testcase name="user click trending" classname="User open trending page" time="1.448"/>
  <testcase name="user on trending page" classname="User open trending page" time="0.085"/>
  <testcase name="User open trending page" classname="User open trending page" time="0.14"/>
  <testcase name="user login with email ii@gmail.com and password 123" classname="User open Message page" time="28.775"/>
  <testcase name="user on landing page" classname="User open Message page" time="0.072"/>
  <testcase name="user click message button" classname="User open Message page" time="0.878"/>
  <testcase name="user on message page" classname="User open Message page" time="0.1"/>
  <testcase name="User open Message page" classname="User open Message page" time="0.174"/>
  <testcase name="user login with email ii@gmail.com and password 123" classname="User open Notification page" time="27.877"/>
  <testcase name="user on landing page" classname="User open Notification page" time="0.44"/>
  <testcase name="user click notif button" classname="User open Notification page" time="0.952"/>
  <testcase name="user on notif page" classname="User open Notification page" time="0.15"/>
  <testcase name="User open Notification page" classname="User open Notification page" time="0.35"/>
  <testcase name="user login with email ii@gmail.com and password 123" classname="User create thread" time="25.44"/>
  <testcase name="user on landing page" classname="User create thread" time="0.238"/>
  <testcase name="user click plus icon" classname="User create thread" time="1.056"/>
  <testcase name="user type judul" classname="User create thread" time="1.055"/>
  <testcase name="user type isi" classname="User create thread" time="1.471"/>
  <testcase name="user click kirimkan button" classname="User create thread" time="1.666"/>
  <testcase name="user succes send thread" classname="User create thread" time="0.106"/>
  <testcase name="User create thread" classname="User create thread" time="0.277"/>
</testsuite>