<?xml version="1.0" encoding="UTF-8"?>
<testsuite xmlns:xsi="http://www.w3.org/2001/XMLSchema-instance" xsi:schemaLocation="https://maven.apache.org/surefire/maven-surefire-plugin/xsd/surefire-test-report.xsd" name="CucumberTestSuite" time="446.303" tests="133" errors="6" skipped="14" failures="0">
  <properties>
    <property name="java.runtime.name" value="Java(TM) SE Runtime Environment"/>
    <property name="java.vm.version" value="17.0.2+8-LTS-86"/>
    <property name="sun.boot.library.path" value="C:\Program Files\Java\jdk-17.0.2\bin"/>
    <property name="maven.multiModuleProjectDirectory" value="C:\Users\LENOVO-PC\OneDrive - IT-PLN\Dokumen\apenim\Diskusiaza-QE\Android Test"/>
    <property name="java.vm.vendor" value="Oracle Corporation"/>
    <property name="java.vendor.url" value="https://java.oracle.com/"/>
    <property name="guice.disable.misplaced.annotation.check" value="true"/>
    <property name="path.separator" value=";"/>
    <property name="java.vm.name" value="Java HotSpot(TM) 64-Bit Server VM"/>
    <property name="sun.os.patch.level" value=""/>
    <property name="user.script" value=""/>
    <property name="user.country" value="ID"/>
    <property name="sun.java.launcher" value="SUN_STANDARD"/>
    <property name="java.vm.specification.name" value="Java Virtual Machine Specification"/>
    <property name="user.dir" value="C:\Users\LENOVO-PC\OneDrive - IT-PLN\Dokumen\apenim\Diskusiaza-QE\Android Test"/>
    <property name="java.vm.compressedOopsMode" value="32-bit"/>
    <property name="java.runtime.version" value="17.0.2+8-LTS-86"/>
    <property name="os.arch" value="amd64"/>
    <property name="java.io.tmpdir" value="C:\Users\LENOVO~1\AppData\Local\Temp\"/>
    <property name="line.separator" value="&#10;"/>
    <property name="java.vm.specification.vendor" value="Oracle Corporation"/>
    <property name="user.variant" value=""/>
    <property name="os.name" value="Windows 11"/>
    <property name="classworlds.conf" value="C:\apache-maven-3.8.5\bin\m2.conf"/>
    <property name="sun.jnu.encoding" value="Cp1252"/>
    <property name="java.library.path" value="C:\Program Files\Java\jdk-17.0.2\bin;C:\WINDOWS\Sun\Java\bin;C:\WINDOWS\system32;C:\WINDOWS;C:\Program Files\Common Files\Oracle\Java\javapath;C:\WINDOWS\system32;C:\WINDOWS;C:\WINDOWS\System32\Wbem;C:\WINDOWS\System32\WindowsPowerShell\v1.0\;C:\WINDOWS\System32\OpenSSH\;C:\Program Files\MATLAB\R2017a\bin;C:\Program Files\Git\cmd;C:\Program Files\Microsoft SQL Server\110\Tools\Binn\;C:\apache-maven-3.8.5\bin;%ANDROID_HOME;C:\Users\LENOVO-PC\AppData\Local\Android\Sdk\platform-tools;C:\Program Files\nodejs\;C:\Users\LENOVO-PC\AppData\Local\Microsoft\WindowsApps;C:\Users\LENOVO-PC\AppData\Roaming\npm;."/>
    <property name="maven.conf" value="C:\apache-maven-3.8.5/conf"/>
    <property name="jdk.debug" value="release"/>
    <property name="java.class.version" value="61.0"/>
    <property name="java.specification.name" value="Java Platform API Specification"/>
    <property name="sun.management.compiler" value="HotSpot 64-Bit Tiered Compilers"/>
    <property name="os.version" value="10.0"/>
    <property name="library.jansi.path" value="C:\apache-maven-3.8.5\lib\jansi-native"/>
    <property name="user.home" value="C:\Users\LENOVO-PC"/>
    <property name="user.timezone" value="Asia/Jakarta"/>
    <property name="file.encoding" value="Cp1252"/>
    <property name="java.specification.version" value="17"/>
    <property name="user.name" value="LENOVO-PC"/>
    <property name="java.class.path" value="C:\apache-maven-3.8.5\boot\plexus-classworlds-2.6.0.jar"/>
    <property name="java.vm.specification.version" value="17"/>
    <property name="sun.arch.data.model" value="64"/>
    <property name="sun.java.command" value="org.codehaus.plexus.classworlds.launcher.Launcher clean verify"/>
    <property name="java.home" value="C:\Program Files\Java\jdk-17.0.2"/>
    <property name="user.language" value="en"/>
    <property name="java.specification.vendor" value="Oracle Corporation"/>
    <property name="java.vm.info" value="mixed mode, sharing"/>
    <property name="java.version" value="17.0.2"/>
    <property name="native.encoding" value="Cp1252"/>
    <property name="java.vendor" value="Oracle Corporation"/>
    <property name="sun.stderr.encoding" value="cp437"/>
    <property name="maven.home" value="C:\apache-maven-3.8.5"/>
    <property name="file.separator" value="\"/>
    <property name="java.version.date" value="2022-01-18"/>
    <property name="java.vendor.url.bug" value="https://bugreport.java.com/bugreport/"/>
    <property name="sun.io.unicode.encoding" value="UnicodeLittle"/>
    <property name="sun.cpu.endian" value="little"/>
    <property name="sun.stdout.encoding" value="cp437"/>
    <property name="sun.cpu.isalist" value="amd64"/>
  </properties>
  <testcase name="user login with email ii@gmail.com and password 123" classname="User open profile page" time="18.819"/>
  <testcase name="user on landing page" classname="User open profile page" time="0.5"/>
  <testcase name="user click profile" classname="User open profile page" time="6.147"/>
  <testcase name="user on Profile page" classname="User open profile page" time="0.039"/>
  <testcase name="User open profile page" classname="User open profile page" time="0.051"/>
  <testcase name="user login with email ii@gmail.com and password 123" classname="User open explore page" time="15.758"/>
  <testcase name="user on landing page" classname="User open explore page" time="0.06"/>
  <testcase name="user click explore" classname="User open explore page" time="0.621"/>
  <testcase name="user on explore page" classname="User open explore page" time="0.047"/>
  <testcase name="User open explore page" classname="User open explore page" time="0.053"/>
  <testcase name="user login with email ii@gmail.com and password 123" classname="User open trending page" time="15.984"/>
  <testcase name="user on landing page" classname="User open trending page" time="0.047"/>
  <testcase name="user click trending" classname="User open trending page" time="7.092"/>
  <testcase name="user on trending page" classname="User open trending page" time="0.051"/>
  <testcase name="User open trending page" classname="User open trending page" time="0.055"/>
  <testcase name="user login with email ii@gmail.com and password 123" classname="User create thread" time="15.806"/>
  <testcase name="user on landing page" classname="User create thread" time="0.054"/>
  <testcase name="user click plus icon" classname="User create thread" time="0.643"/>
  <testcase name="user type judul aku_cinta_kamu" classname="User create thread" time="0.754"/>
  <testcase name="user type isi tapi_kamu_cinta_dia:(" classname="User create thread" time="1.45"/>
  <testcase name="user click kirimkan button" classname="User create thread" time="0.619"/>
  <testcase name="user succes send thread" classname="User create thread" time="0.046"/>
  <testcase name="User create thread" classname="User create thread" time="0.049"/>
  <testcase name="user on login page" classname="User input valid email and password" time="12.167"/>
  <testcase name="user type valid email ii@gmail.com and valid password 123" classname="User input valid email and password" time="1.941"/>
  <testcase name="user click button login" classname="User input valid email and password" time="1.096"/>
  <testcase name="user success to landing page" classname="User input valid email and password" time="9.195"/>
  <testcase name="User input valid email and password" classname="User input valid email and password" time="9.2"/>
  <testcase name="user on login page" classname="user input valid email and invalid password" time="12.495"/>
  <testcase name="user input valid email and invalid password" classname="user input valid email and invalid password" time="1.967"/>
  <testcase name="user click button login2" classname="user input valid email and invalid password" time="1.294"/>
  <testcase name="got massage2 email or password wrong" classname="user input valid email and invalid password" time="0.002"/>
  <testcase name="user input valid email and invalid password" classname="user input valid email and invalid password" time="0.006"/>
  <testcase name="user on login page" classname="user input invalid email and valid password" time="12.573"/>
  <testcase name="user input invalid email and valid password" classname="user input invalid email and valid password" time="1.94"/>
  <testcase name="user click button login3" classname="user input invalid email and valid password" time="1.095"/>
  <testcase name="got massage3 email or password wrong" classname="user input invalid email and valid password" time="0.002"/>
  <testcase name="user input invalid email and valid password" classname="user input invalid email and valid password" time="0.005"/>
  <testcase name="user on login page" classname="user input invalid email and invalid password" time="13.467"/>
  <testcase name="user input invalid email and invalid password" classname="user input invalid email and invalid password" time="1.901"/>
  <testcase name="user click button login4" classname="user input invalid email and invalid password" time="1.129"/>
  <testcase name="got massage4 email or password wrong" classname="user input invalid email and invalid password" time="0.002"/>
  <testcase name="user input invalid email and invalid password" classname="user input invalid email and invalid password" time="0.005"/>
  <testcase name="user open login page" classname="User input valid data" time="12.196"/>
  <testcase name="user click sign up" classname="User input valid data" time="0.8"/>
  <testcase name="user input valid nama depan siti" classname="User input valid data" time="40.09">
    <error message="Expected condition failed: waiting for element to be clickable: By.xpath: //android.view.View/android.widget.EditText[1] (tried for 30 second(s) with 500 milliseconds interval)" type="org.openqa.selenium.TimeoutException">org.openqa.selenium.TimeoutException: Expected condition failed: waiting for element to be clickable: By.xpath: //android.view.View/android.widget.EditText[1] (tried for 30 second(s) with 500 milliseconds interval)
Caused by: org.openqa.selenium.NoSuchElementException: 
An element could not be located on the page using the given search parameters.
For documentation on this error, please visit: https://www.seleniumhq.org/exceptions/no_such_element.html
Build info: version: '3.141.59', revision: 'e82be7d358', time: '2018-11-14T08:17:03'
System info: host: 'MUTHIA17', ip: '192.168.1.20', os.name: 'Windows 11', os.arch: 'amd64', os.version: '10.0', java.version: '17.0.2'
Driver info: io.appium.java_client.android.AndroidDriver
Capabilities {app: C:\Users\LENOVO-PC\OneDrive..., appPackage: com.example.diskusiaza_mobile, automationName: UiAutomator2, connectHardwareKeyboard: false, databaseEnabled: false, desired: {app: C:\Users\LENOVO-PC\OneDrive..., automationName: UiAutomator2, connectHardwareKeyboard: false, noReset: false, platformName: android, platformVersion: 12, resetKeyboard: true, unicodeKeyboard: true}, deviceApiLevel: 31, deviceManufacturer: Google, deviceModel: sdk_gphone64_x86_64, deviceName: emulator-5554, deviceScreenDensity: 440, deviceScreenSize: 1080x2280, deviceUDID: emulator-5554, javascriptEnabled: true, locationContextEnabled: false, networkConnectionEnabled: true, noReset: false, pixelRatio: 2.75, platform: LINUX, platformName: Android, platformVersion: 12, resetKeyboard: true, statBarHeight: 83, takesScreenshot: true, unicodeKeyboard: true, viewportRect: {height: 2065, left: 0, top: 83, width: 1080}, warnings: {}, webStorageEnabled: false}
Session ID: 97b7bcb7-1cf3-470a-92ae-7605f07437a0
*** Element info: {Using=xpath, value=//android.view.View/android.widget.EditText[1]}
</error>
    <system-out><![CDATA[  &amp#27;[32mAnd &amp#27;[0m&amp#27;[32muser click sign up&amp#27;[0m                      &amp#27;[90m# test.automation.stepdefinitions.RegisterSteps.clicksignupicon()&amp#27;[0m
]]></system-out>
  </testcase>
  <testcase name="user input valid nama belakang mutee" classname="User input valid data" time="0">
    <skipped/>
    <system-out><![CDATA[  &amp#27;[31mWhen &amp#27;[0m&amp#27;[31muser input valid nama depan &amp#27;[0m&amp#27;[31m&amp#27;[1msiti&amp#27;[0m       &amp#27;[90m# test.automation.stepdefinitions.RegisterSteps.inputValidNamaDepan(java.lang.String)&amp#27;[0m
      &amp#27;[31morg.openqa.selenium.TimeoutException: Expected condition failed: waiting for element to be clickable: By.xpath: //android.view.View/android.widget.EditText[1] (tried for 30 second(s) with 500 milliseconds interval)
	at org.openqa.selenium.support.ui.WebDriverWait.timeoutException(WebDriverWait.java:95)
	at org.openqa.selenium.support.ui.FluentWait.until(FluentWait.java:272)
	at test.automation.pageobject.BasePageObject.waitUntilClickable(BasePageObject.java:29)
	at test.automation.pages.RegisterScreen$ByteBuddy$kWkkdR5B.waitUntilClickable$accessor$HBe1KzPp(Unknown Source)
	at java.base/jdk.internal.reflect.NativeMethodAccessorImpl.invoke0(Native Method)
	at java.base/jdk.internal.reflect.NativeMethodAccessorImpl.invoke(NativeMethodAccessorImpl.java:77)
	at java.base/jdk.internal.reflect.DelegatingMethodAccessorImpl.invoke(DelegatingMethodAccessorImpl.java:43)
	at java.base/java.lang.reflect.Method.invoke(Method.java:568)
	at net.thucydides.core.steps.BaseMethodRunner.invokeMethod(BaseMethodRunner.java:18)
	at net.thucydides.core.steps.NormalMethodRunner.invokeMethodAndNotifyFailures(NormalMethodRunner.java:18)
	at net.thucydides.core.steps.StepInterceptor.runNormalMethod(StepInterceptor.java:407)
	at net.thucydides.core.steps.StepInterceptor.testStepResult(StepInterceptor.java:192)
	at net.thucydides.core.steps.StepInterceptor.intercept(StepInterceptor.java:85)
	at net.thucydides.core.steps.ProxyConfiguration$InterceptorDispatcher.intercept(ProxyConfiguration.java:51)
	at test.automation.pages.RegisterScreen$ByteBuddy$kWkkdR5B.waitUntilClickable(Unknown Source)
	at test.automation.pageobject.BasePageObject.onClick(BasePageObject.java:41)
	at test.automation.pages.RegisterScreen$ByteBuddy$kWkkdR5B.onClick$accessor$HBe1KzPp(Unknown Source)
	at java.base/jdk.internal.reflect.NativeMethodAccessorImpl.invoke0(Native Method)
	at java.base/jdk.internal.reflect.NativeMethodAccessorImpl.invoke(NativeMethodAccessorImpl.java:77)
	at java.base/jdk.internal.reflect.DelegatingMethodAccessorImpl.invoke(DelegatingMethodAccessorImpl.java:43)
	at java.base/java.lang.reflect.Method.invoke(Method.java:568)
	at net.thucydides.core.steps.BaseMethodRunner.invokeMethod(BaseMethodRunner.java:18)
	at net.thucydides.core.steps.NormalMethodRunner.invokeMethodAndNotifyFailures(NormalMethodRunner.java:18)
	at net.thucydides.core.steps.StepInterceptor.runNormalMethod(StepInterceptor.java:407)
	at net.thucydides.core.steps.StepInterceptor.testStepResult(StepInterceptor.java:192)
	at net.thucydides.core.steps.StepInterceptor.intercept(StepInterceptor.java:85)
	at net.thucydides.core.steps.ProxyConfiguration$InterceptorDispatcher.intercept(ProxyConfiguration.java:51)
	at test.automation.pages.RegisterScreen$ByteBuddy$kWkkdR5B.onClick(Unknown Source)
	at test.automation.pages.RegisterScreen.tapNamaDepan(RegisterScreen.java:28)
	at test.automation.pages.RegisterScreen$ByteBuddy$kWkkdR5B.tapNamaDepan$accessor$HBe1KzPp(Unknown Source)
	at java.base/jdk.internal.reflect.NativeMethodAccessorImpl.invoke0(Native Method)
	at java.base/jdk.internal.reflect.NativeMethodAccessorImpl.invoke(NativeMethodAccessorImpl.java:77)
	at java.base/jdk.internal.reflect.DelegatingMethodAccessorImpl.invoke(DelegatingMethodAccessorImpl.java:43)
	at java.base/java.lang.reflect.Method.invoke(Method.java:568)
	at net.thucydides.core.steps.StepInterceptor.invokeMethod(StepInterceptor.java:504)
	at net.thucydides.core.steps.StepInterceptor.executeTestStepMethod(StepInterceptor.java:484)
	at net.thucydides.core.steps.StepInterceptor.runTestStep(StepInterceptor.java:458)
	at net.thucydides.core.steps.StepInterceptor.runOrSkipMethod(StepInterceptor.java:210)
	at net.thucydides.core.steps.StepInterceptor.testStepResult(StepInterceptor.java:197)
	at net.thucydides.core.steps.StepInterceptor.intercept(StepInterceptor.java:85)
	at net.thucydides.core.steps.ProxyConfiguration$InterceptorDispatcher.intercept(ProxyConfiguration.java:51)
	at test.automation.pages.RegisterScreen$ByteBuddy$kWkkdR5B.tapNamaDepan(Unknown Source)
	at test.automation.stepdefinitions.RegisterSteps.inputValidNamaDepan(RegisterSteps.java:31)
	at âœ½.user input valid nama depan siti(file:///C:/Users/LENOVO-PC/OneDrive%20-%20IT-PLN/Dokumen/apenim/Diskusiaza-QE/Android%20Test/src/test/resources/features/Register.feature:7)
Caused by: org.openqa.selenium.NoSuchElementException: An element could not be located on the page using the given search parameters.
For documentation on this error, please visit: https://www.seleniumhq.org/exceptions/no_such_element.html
Build info: version: '3.141.59', revision: 'e82be7d358', time: '2018-11-14T08:17:03'
System info: host: 'MUTHIA17', ip: '192.168.1.20', os.name: 'Windows 11', os.arch: 'amd64', os.version: '10.0', java.version: '17.0.2'
Driver info: io.appium.java_client.android.AndroidDriver
Capabilities {app: C:\Users\LENOVO-PC\OneDrive..., appPackage: com.example.diskusiaza_mobile, automationName: UiAutomator2, connectHardwareKeyboard: false, databaseEnabled: false, desired: {app: C:\Users\LENOVO-PC\OneDrive..., automationName: UiAutomator2, connectHardwareKeyboard: false, noReset: false, platformName: android, platformVersion: 12, resetKeyboard: true, unicodeKeyboard: true}, deviceApiLevel: 31, deviceManufacturer: Google, deviceModel: sdk_gphone64_x86_64, deviceName: emulator-5554, deviceScreenDensity: 440, deviceScreenSize: 1080x2280, deviceUDID: emulator-5554, javascriptEnabled: true, locationContextEnabled: false, networkConnectionEnabled: true, noReset: false, pixelRatio: 2.75, platform: LINUX, platformName: Android, platformVersion: 12, resetKeyboard: true, statBarHeight: 83, takesScreenshot: true, unicodeKeyboard: true, viewportRect: {height: 2065, left: 0, top: 83, width: 1080}, warnings: {}, webStorageEnabled: false}
Session ID: 97b7bcb7-1cf3-470a-92ae-7605f07437a0
*** Element info: {Using=xpath, value=//android.view.View/android.widget.EditText[1]}
	at java.base/jdk.internal.reflect.NativeConstructorAccessorImpl.newInstance0(Native Method)
	at java.base/jdk.internal.reflect.NativeConstructorAccessorImpl.newInstance(NativeConstructorAccessorImpl.java:77)
	at java.base/jdk.internal.reflect.DelegatingConstructorAccessorImpl.newInstance(DelegatingConstructorAccessorImpl.java:45)
	at java.base/java.lang.reflect.Constructor.newInstanceWithCaller(Constructor.java:499)
	at java.base/java.lang.reflect.Constructor.newInstance(Constructor.java:480)
	at org.openqa.selenium.remote.http.W3CHttpResponseCodec.createException(W3CHttpResponseCodec.java:187)
	at org.openqa.selenium.remote.http.W3CHttpResponseCodec.decode(W3CHttpResponseCodec.java:122)
	at org.openqa.selenium.remote.http.W3CHttpResponseCodec.decode(W3CHttpResponseCodec.java:49)
	at org.openqa.selenium.remote.HttpCommandExecutor.execute(HttpCommandExecutor.java:158)
	at io.appium.java_client.remote.AppiumCommandExecutor.execute(AppiumCommandExecutor.java:250)
	at org.openqa.selenium.remote.RemoteWebDriver.execute(RemoteWebDriver.java:552)
	at io.appium.java_client.DefaultGenericMobileDriver.execute(DefaultGenericMobileDriver.java:41)
	at io.appium.java_client.AppiumDriver.execute(AppiumDriver.java:1)
	at io.appium.java_client.android.AndroidDriver.execute(AndroidDriver.java:1)
	at org.openqa.selenium.remote.RemoteWebDriver.findElement(RemoteWebDriver.java:323)
	at io.appium.java_client.DefaultGenericMobileDriver.findElement(DefaultGenericMobileDriver.java:61)
	at io.appium.java_client.AppiumDriver.findElement(AppiumDriver.java:1)
	at io.appium.java_client.android.AndroidDriver.findElement(AndroidDriver.java:1)
	at org.openqa.selenium.remote.RemoteWebDriver.findElementByXPath(RemoteWebDriver.java:428)
	at io.appium.java_client.DefaultGenericMobileDriver.findElementByXPath(DefaultGenericMobileDriver.java:151)
	at io.appium.java_client.AppiumDriver.findElementByXPath(AppiumDriver.java:1)
	at io.appium.java_client.android.AndroidDriver.findElementByXPath(AndroidDriver.java:1)
	at org.openqa.selenium.By$ByXPath.findElement(By.java:353)
	at org.openqa.selenium.remote.RemoteWebDriver.findElement(RemoteWebDriver.java:315)
	at io.appium.java_client.DefaultGenericMobileDriver.findElement(DefaultGenericMobileDriver.java:57)
	at io.appium.java_client.AppiumDriver.findElement(AppiumDriver.java:1)
	at io.appium.java_client.android.AndroidDriver.findElement(AndroidDriver.java:1)
	at org.openqa.selenium.support.ui.ExpectedConditions$7.apply(ExpectedConditions.java:205)
	at org.openqa.selenium.support.ui.ExpectedConditions$7.apply(ExpectedConditions.java:201)
	at org.openqa.selenium.support.ui.ExpectedConditions$22.apply(ExpectedConditions.java:641)
	at org.openqa.selenium.support.ui.ExpectedConditions$22.apply(ExpectedConditions.java:638)
	at org.openqa.selenium.support.ui.FluentWait.until(FluentWait.java:249)
	at test.automation.pageobject.BasePageObject.waitUntilClickable(BasePageObject.java:29)
	at test.automation.pages.RegisterScreen$ByteBuddy$kWkkdR5B.waitUntilClickable$accessor$HBe1KzPp(Unknown Source)
	at java.base/jdk.internal.reflect.NativeMethodAccessorImpl.invoke0(Native Method)
	at java.base/jdk.internal.reflect.NativeMethodAccessorImpl.invoke(NativeMethodAccessorImpl.java:77)
	at java.base/jdk.internal.reflect.DelegatingMethodAccessorImpl.invoke(DelegatingMethodAccessorImpl.java:43)
	at java.base/java.lang.reflect.Method.invoke(Method.java:568)
	at net.thucydides.core.steps.BaseMethodRunner.invokeMethod(BaseMethodRunner.java:18)
	at net.thucydides.core.steps.NormalMethodRunner.invokeMethodAndNotifyFailures(NormalMethodRunner.java:18)
	at net.thucydides.core.steps.StepInterceptor.runNormalMethod(StepInterceptor.java:407)
	at net.thucydides.core.steps.StepInterceptor.testStepResult(StepInterceptor.java:192)
	at net.thucydides.core.steps.StepInterceptor.intercept(StepInterceptor.java:85)
	at net.thucydides.core.steps.ProxyConfiguration$InterceptorDispatcher.intercept(ProxyConfiguration.java:51)
	at test.automation.pages.RegisterScreen$ByteBuddy$kWkkdR5B.waitUntilClickable(Unknown Source)
	at test.automation.pageobject.BasePageObject.onClick(BasePageObject.java:41)
	at test.automation.pages.RegisterScreen$ByteBuddy$kWkkdR5B.onClick$accessor$HBe1KzPp(Unknown Source)
	at java.base/jdk.internal.reflect.NativeMethodAccessorImpl.invoke0(Native Method)
	at java.base/jdk.internal.reflect.NativeMethodAccessorImpl.invoke(NativeMethodAccessorImpl.java:77)
	at java.base/jdk.internal.reflect.DelegatingMethodAccessorImpl.invoke(DelegatingMethodAccessorImpl.java:43)
	at java.base/java.lang.reflect.Method.invoke(Method.java:568)
	at net.thucydides.core.steps.BaseMethodRunner.invokeMethod(BaseMethodRunner.java:18)
	at net.thucydides.core.steps.NormalMethodRunner.invokeMethodAndNotifyFailures(NormalMethodRunner.java:18)
	at net.thucydides.core.steps.StepInterceptor.runNormalMethod(StepInterceptor.java:407)
	at net.thucydides.core.steps.StepInterceptor.testStepResult(StepInterceptor.java:192)
	at net.thucydides.core.steps.StepInterceptor.intercept(StepInterceptor.java:85)
	at net.thucydides.core.steps.ProxyConfiguration$InterceptorDispatcher.intercept(ProxyConfiguration.java:51)
	at test.automation.pages.RegisterScreen$ByteBuddy$kWkkdR5B.onClick(Unknown Source)
	at test.automation.pages.RegisterScreen.tapNamaDepan(RegisterScreen.java:28)
	at test.automation.pages.RegisterScreen$ByteBuddy$kWkkdR5B.tapNamaDepan$accessor$HBe1KzPp(Unknown Source)
	at java.base/jdk.internal.reflect.NativeMethodAccessorImpl.invoke0(Native Method)
	at java.base/jdk.internal.reflect.NativeMethodAccessorImpl.invoke(NativeMethodAccessorImpl.java:77)
	at java.base/jdk.internal.reflect.DelegatingMethodAccessorImpl.invoke(DelegatingMethodAccessorImpl.java:43)
	at java.base/java.lang.reflect.Method.invoke(Method.java:568)
	at net.thucydides.core.steps.StepInterceptor.invokeMethod(StepInterceptor.java:504)
	at net.thucydides.core.steps.StepInterceptor.executeTestStepMethod(StepInterceptor.java:484)
	at net.thucydides.core.steps.StepInterceptor.runTestStep(StepInterceptor.java:458)
	at net.thucydides.core.steps.StepInterceptor.runOrSkipMethod(StepInterceptor.java:210)
	at net.thucydides.core.steps.StepInterceptor.testStepResult(StepInterceptor.java:197)
	at net.thucydides.core.steps.StepInterceptor.intercept(StepInterceptor.java:85)
	at net.thucydides.core.steps.ProxyConfiguration$InterceptorDispatcher.intercept(ProxyConfiguration.java:51)
	at test.automation.pages.RegisterScreen$ByteBuddy$kWkkdR5B.tapNamaDepan(Unknown Source)
	at test.automation.stepdefinitions.RegisterSteps.inputValidNamaDepan(RegisterSteps.java:31)
	at java.base/jdk.internal.reflect.NativeMethodAccessorImpl.invoke0(Native Method)
	at java.base/jdk.internal.reflect.NativeMethodAccessorImpl.invoke(NativeMethodAccessorImpl.java:77)
	at java.base/jdk.internal.reflect.DelegatingMethodAccessorImpl.invoke(DelegatingMethodAccessorImpl.java:43)
	at java.base/java.lang.reflect.Method.invoke(Method.java:568)
	at io.cucumber.java.Invoker.doInvoke(Invoker.java:66)
	at io.cucumber.java.Invoker.invoke(Invoker.java:24)
	at io.cucumber.java.AbstractGlueDefinition.invokeMethod(AbstractGlueDefinition.java:47)
	at io.cucumber.java.JavaStepDefinition.execute(JavaStepDefinition.java:29)
	at io.cucumber.core.runner.CoreStepDefinition.execute(CoreStepDefinition.java:66)
	at io.cucumber.core.runner.PickleStepDefinitionMatch.runStep(PickleStepDefinitionMatch.java:63)
	at io.cucumber.core.runner.ExecutionMode$1.execute(ExecutionMode.java:10)
	at io.cucumber.core.runner.TestStep.executeStep(TestStep.java:92)
	at io.cucumber.core.runner.TestStep.run(TestStep.java:64)
	at io.cucumber.core.runner.PickleStepTestStep.run(PickleStepTestStep.java:51)
	at io.cucumber.core.runner.TestCase.run(TestCase.java:104)
	at io.cucumber.core.runner.Runner.runPickle(Runner.java:73)
	at io.cucumber.junit.PickleRunners$WithStepDescriptions.run(PickleRunners.java:110)
	at io.cucumber.junit.FeatureRunner.runChild(FeatureRunner.java:135)
	at io.cucumber.junit.FeatureRunner.runChild(FeatureRunner.java:27)
	at org.junit.runners.ParentRunner$4.run(ParentRunner.java:331)
	at org.junit.runners.ParentRunner$1.schedule(ParentRunner.java:79)
	at org.junit.runners.ParentRunner.runChildren(ParentRunner.java:329)
	at org.junit.runners.ParentRunner.access$100(ParentRunner.java:66)
	at org.junit.runners.ParentRunner$2.evaluate(ParentRunner.java:293)
	at org.junit.runners.ParentRunner$3.evaluate(ParentRunner.java:306)
	at org.junit.runners.ParentRunner.run(ParentRunner.java:413)
	at io.cucumber.junit.CucumberSerenityRunner.runChild(CucumberSerenityRunner.java:258)
	at io.cucumber.junit.CucumberSerenityRunner.runChild(CucumberSerenityRunner.java:57)
	at org.junit.runners.ParentRunner$4.run(ParentRunner.java:331)
	at org.junit.runners.ParentRunner$1.schedule(ParentRunner.java:79)
	at org.junit.runners.ParentRunner.runChildren(ParentRunner.java:329)
	at org.junit.runners.ParentRunner.access$100(ParentRunner.java:66)
	at org.junit.runners.ParentRunner$2.evaluate(ParentRunner.java:293)
	at io.cucumber.junit.CucumberSerenityRunner$RunCucumber.evaluate(CucumberSerenityRunner.java:286)
	at org.junit.runners.ParentRunner$3.evaluate(ParentRunner.java:306)
	at org.junit.runners.ParentRunner.run(ParentRunner.java:413)
	at org.apache.maven.surefire.junit4.JUnit4Provider.execute(JUnit4Provider.java:367)
	at org.apache.maven.surefire.junit4.JUnit4Provider.executeWithRerun(JUnit4Provider.java:274)
	at org.apache.maven.surefire.junit4.JUnit4Provider.executeTestSet(JUnit4Provider.java:238)
	at org.apache.maven.surefire.junit4.JUnit4Provider.invoke(JUnit4Provider.java:161)
	at org.apache.maven.surefire.booter.ForkedBooter.invokeProviderInSameClassLoader(ForkedBooter.java:290)
	at org.apache.maven.surefire.booter.ForkedBooter.runSuitesInProcess(ForkedBooter.java:242)
	at org.apache.maven.surefire.booter.ForkedBooter.main(ForkedBooter.java:121)
&amp#27;[0m
]]></system-out>
  </testcase>
  <testcase name="user input valid email" classname="User input valid data" time="0">
    <skipped/>
    <system-out><![CDATA[  &amp#27;[36mAnd &amp#27;[0m&amp#27;[36muser input valid nama belakang &amp#27;[0m&amp#27;[36m&amp#27;[1mmutee&amp#27;[0m    &amp#27;[90m# test.automation.stepdefinitions.RegisterSteps.inputValidNamaBelakang(java.lang.String)&amp#27;[0m
]]></system-out>
  </testcase>
  <testcase name="user input valid password susah" classname="User input valid data" time="0">
    <skipped/>
    <system-out><![CDATA[  &amp#27;[36mAnd &amp#27;[0m&amp#27;[36muser input valid email&amp#27;[0m                  &amp#27;[90m# test.automation.stepdefinitions.RegisterSteps.inputValidEmail()&amp#27;[0m
]]></system-out>
  </testcase>
  <testcase name="user input valid confirm password susah" classname="User input valid data" time="0">
    <skipped/>
    <system-out><![CDATA[  &amp#27;[36mAnd &amp#27;[0m&amp#27;[36muser input valid password &amp#27;[0m&amp#27;[36m&amp#27;[1msusah&amp#27;[0m         &amp#27;[90m# test.automation.stepdefinitions.RegisterSteps.inputValidPassword(java.lang.String)&amp#27;[0m
]]></system-out>
  </testcase>
  <testcase name="user input valid tanggal lahir" classname="User input valid data" time="0">
    <skipped/>
    <system-out><![CDATA[  &amp#27;[36mAnd &amp#27;[0m&amp#27;[36muser input valid confirm password &amp#27;[0m&amp#27;[36m&amp#27;[1msusah&amp#27;[0m &amp#27;[90m# test.automation.stepdefinitions.RegisterSteps.inputValidConfirmPassword(java.lang.String)&amp#27;[0m
]]></system-out>
  </testcase>
  <testcase name="user pilih jenis kelamin" classname="User input valid data" time="0">
    <skipped/>
    <system-out><![CDATA[  &amp#27;[36mAnd &amp#27;[0m&amp#27;[36muser input valid tanggal lahir&amp#27;[0m          &amp#27;[90m# test.automation.stepdefinitions.RegisterSteps.inputValidTanggal()&amp#27;[0m
]]></system-out>
  </testcase>
  <testcase name="user klik Daftar button" classname="User input valid data" time="0">
    <skipped/>
    <system-out><![CDATA[  &amp#27;[36mAnd &amp#27;[0m&amp#27;[36muser pilih jenis kelamin&amp#27;[0m                &amp#27;[90m# test.automation.stepdefinitions.RegisterSteps.inputValidKelamin()&amp#27;[0m
]]></system-out>
  </testcase>
  <testcase name="user sign up to login page" classname="User input valid data" time="0">
    <skipped/>
    <system-out><![CDATA[  &amp#27;[36mAnd &amp#27;[0m&amp#27;[36muser klik Daftar button&amp#27;[0m                 &amp#27;[90m# test.automation.stepdefinitions.RegisterSteps.DaftarButton()&amp#27;[0m
]]></system-out>
  </testcase>
  <testcase name="User input valid data" classname="User input valid data" time="0.001">
    <error message="Expected condition failed: waiting for element to be clickable: By.xpath: //android.view.View/android.widget.EditText[1] (tried for 30 second(s) with 500 milliseconds interval)" type="org.openqa.selenium.TimeoutException">org.openqa.selenium.TimeoutException: Expected condition failed: waiting for element to be clickable: By.xpath: //android.view.View/android.widget.EditText[1] (tried for 30 second(s) with 500 milliseconds interval)
Caused by: org.openqa.selenium.NoSuchElementException: 
An element could not be located on the page using the given search parameters.
For documentation on this error, please visit: https://www.seleniumhq.org/exceptions/no_such_element.html
Build info: version: '3.141.59', revision: 'e82be7d358', time: '2018-11-14T08:17:03'
System info: host: 'MUTHIA17', ip: '192.168.1.20', os.name: 'Windows 11', os.arch: 'amd64', os.version: '10.0', java.version: '17.0.2'
Driver info: io.appium.java_client.android.AndroidDriver
Capabilities {app: C:\Users\LENOVO-PC\OneDrive..., appPackage: com.example.diskusiaza_mobile, automationName: UiAutomator2, connectHardwareKeyboard: false, databaseEnabled: false, desired: {app: C:\Users\LENOVO-PC\OneDrive..., automationName: UiAutomator2, connectHardwareKeyboard: false, noReset: false, platformName: android, platformVersion: 12, resetKeyboard: true, unicodeKeyboard: true}, deviceApiLevel: 31, deviceManufacturer: Google, deviceModel: sdk_gphone64_x86_64, deviceName: emulator-5554, deviceScreenDensity: 440, deviceScreenSize: 1080x2280, deviceUDID: emulator-5554, javascriptEnabled: true, locationContextEnabled: false, networkConnectionEnabled: true, noReset: false, pixelRatio: 2.75, platform: LINUX, platformName: Android, platformVersion: 12, resetKeyboard: true, statBarHeight: 83, takesScreenshot: true, unicodeKeyboard: true, viewportRect: {height: 2065, left: 0, top: 83, width: 1080}, warnings: {}, webStorageEnabled: false}
Session ID: 97b7bcb7-1cf3-470a-92ae-7605f07437a0
*** Element info: {Using=xpath, value=//android.view.View/android.widget.EditText[1]}
</error>
    <system-out><![CDATA[  &amp#27;[36mThen &amp#27;[0m&amp#27;[36muser sign up to login page&amp#27;[0m             &amp#27;[90m# test.automation.stepdefinitions.RegisterSteps.successToLoginPage()&amp#27;[0m
]]></system-out>
  </testcase>
  <testcase name="user open login page" classname="user input email tanpa menggunakan &apos;@&apos;" time="11.863"/>
  <testcase name="user click sign up" classname="user input email tanpa menggunakan &apos;@&apos;" time="0.118"/>
  <testcase name="user input valid nama depan2 siti" classname="user input email tanpa menggunakan &apos;@&apos;" time="1.283"/>
  <testcase name="user input valid nama belakang2 mutee" classname="user input email tanpa menggunakan &apos;@&apos;" time="1.147"/>
  <testcase name="user input email without &apos;@&apos; sitimutewgmail.com" classname="user input email tanpa menggunakan &apos;@&apos;" time="1.194"/>
  <testcase name="user input valid password2 susah" classname="user input email tanpa menggunakan &apos;@&apos;" time="1.141"/>
  <testcase name="user input valid confirm password2 susah" classname="user input email tanpa menggunakan &apos;@&apos;" time="1.163"/>
  <testcase name="user input valid tanggal lahir2" classname="user input email tanpa menggunakan &apos;@&apos;" time="3.315"/>
  <testcase name="user pilih jenis kelamin2" classname="user input email tanpa menggunakan &apos;@&apos;" time="0.095"/>
  <testcase name="user klik Daftar button2" classname="user input email tanpa menggunakan &apos;@&apos;" time="0.602"/>
  <testcase name="user got message2 &apos;invalid email&apos;" classname="user input email tanpa menggunakan &apos;@&apos;" time="0.001"/>
  <testcase name="user input email tanpa menggunakan &apos;@&apos;" classname="user input email tanpa menggunakan &apos;@&apos;" time="0.004"/>
  <testcase name="user open login page" classname="user tidak memasukkan email" time="12.617"/>
  <testcase name="user click sign up" classname="user tidak memasukkan email" time="0.119"/>
  <testcase name="user input valid nama depan3 siti" classname="user tidak memasukkan email" time="1.281"/>
  <testcase name="user input valid nama belakang3 mutee" classname="user tidak memasukkan email" time="1.19"/>
  <testcase name="user input valid password3 susah" classname="user tidak memasukkan email" time="1.153"/>
  <testcase name="user input valid confirm password3 susah" classname="user tidak memasukkan email" time="1.182"/>
  <testcase name="user input valid tanggal lahir3" classname="user tidak memasukkan email" time="3.326"/>
  <testcase name="user pilih jenis kelamin3" classname="user tidak memasukkan email" time="0.096"/>
  <testcase name="user klik Daftar button3" classname="user tidak memasukkan email" time="0.617"/>
  <testcase name="user got message3 &apos;email tidak boleh kosong&apos;" classname="user tidak memasukkan email" time="0"/>
  <testcase name="user tidak memasukkan email" classname="user tidak memasukkan email" time="0.004"/>
  <testcase name="user open login page" classname="user tidak memasukan nama depan" time="12.488"/>
  <testcase name="user click sign up" classname="user tidak memasukan nama depan" time="0.113"/>
  <testcase name="user input valid nama belakang4 mutee" classname="user tidak memasukan nama depan" time="1.293"/>
  <testcase name="user input valid email4 sitimutee@gmail.com" classname="user tidak memasukan nama depan" time="1.167"/>
  <testcase name="user input valid password4 susah" classname="user tidak memasukan nama depan" time="1.137"/>
  <testcase name="user input valid confirm password4 susah" classname="user tidak memasukan nama depan" time="1.167"/>
  <testcase name="user input valid tanggal lahir4" classname="user tidak memasukan nama depan" time="3.348"/>
  <testcase name="user pilih jenis kelamin4" classname="user tidak memasukan nama depan" time="0.095"/>
  <testcase name="user klik Daftar button4" classname="user tidak memasukan nama depan" time="0.616"/>
  <testcase name="user got message4 &apos;email tidak boleh kosong&apos;" classname="user tidak memasukan nama depan" time="0.001"/>
  <testcase name="user tidak memasukan nama depan" classname="user tidak memasukan nama depan" time="0.003"/>
  <testcase name="user open login page" classname="user tidak memasukan password" time="12.108"/>
  <testcase name="user click sign up" classname="user tidak memasukan password" time="0.109"/>
  <testcase name="user input valid nama depan5 siti" classname="user tidak memasukan password" time="1.87"/>
  <testcase name="user input valid nama belakang5 mutee" classname="user tidak memasukan password" time="1.197"/>
  <testcase name="user input valid email5 sitimutee@gmail.com" classname="user tidak memasukan password" time="1.12"/>
  <testcase name="user input valid confirm password5 susah" classname="user tidak memasukan password" time="40.698">
    <error message="Expected condition failed: waiting for presence of element located by: By.xpath: //android.view.View/android.widget.EditText[5] (tried for 30 second(s) with 500 milliseconds interval)" type="org.openqa.selenium.TimeoutException">org.openqa.selenium.TimeoutException: Expected condition failed: waiting for presence of element located by: By.xpath: //android.view.View/android.widget.EditText[5] (tried for 30 second(s) with 500 milliseconds interval)
Caused by: org.openqa.selenium.NoSuchElementException: 
An element could not be located on the page using the given search parameters.
For documentation on this error, please visit: https://www.seleniumhq.org/exceptions/no_such_element.html
Build info: version: '3.141.59', revision: 'e82be7d358', time: '2018-11-14T08:17:03'
System info: host: 'MUTHIA17', ip: '192.168.1.20', os.name: 'Windows 11', os.arch: 'amd64', os.version: '10.0', java.version: '17.0.2'
Driver info: io.appium.java_client.android.AndroidDriver
Capabilities {app: C:\Users\LENOVO-PC\OneDrive..., appPackage: com.example.diskusiaza_mobile, automationName: UiAutomator2, connectHardwareKeyboard: false, databaseEnabled: false, desired: {app: C:\Users\LENOVO-PC\OneDrive..., automationName: UiAutomator2, connectHardwareKeyboard: false, noReset: false, platformName: android, platformVersion: 12, resetKeyboard: true, unicodeKeyboard: true}, deviceApiLevel: 31, deviceManufacturer: Google, deviceModel: sdk_gphone64_x86_64, deviceName: emulator-5554, deviceScreenDensity: 440, deviceScreenSize: 1080x2280, deviceUDID: emulator-5554, javascriptEnabled: true, locationContextEnabled: false, networkConnectionEnabled: true, noReset: false, pixelRatio: 2.75, platform: LINUX, platformName: Android, platformVersion: 12, resetKeyboard: true, statBarHeight: 83, takesScreenshot: true, unicodeKeyboard: true, viewportRect: {height: 2065, left: 0, top: 83, width: 1080}, warnings: {}, webStorageEnabled: false}
Session ID: 517ccb4b-2f99-48a7-b1be-82f42a352068
*** Element info: {Using=xpath, value=//android.view.View/android.widget.EditText[5]}
</error>
    <system-out><![CDATA[  &amp#27;[32mAnd &amp#27;[0m&amp#27;[32muser input valid email5 &amp#27;[0m&amp#27;[32m&amp#27;[1msitimutee@gmail.com&amp#27;[0m      &amp#27;[90m# test.automation.stepdefinitions.RegisterSteps.inputValidEmail5(java.lang.String)&amp#27;[0m
]]></system-out>
  </testcase>
  <testcase name="user input valid tanggal lahir5" classname="user tidak memasukan password" time="0">
    <skipped/>
    <system-out><![CDATA[  &amp#27;[31mAnd &amp#27;[0m&amp#27;[31muser input valid confirm password5 &amp#27;[0m&amp#27;[31m&amp#27;[1msusah&amp#27;[0m         &amp#27;[90m# test.automation.stepdefinitions.RegisterSteps.inputValidConfirmPassword5(java.lang.String)&amp#27;[0m
      &amp#27;[31morg.openqa.selenium.TimeoutException: Expected condition failed: waiting for presence of element located by: By.xpath: //android.view.View/android.widget.EditText[5] (tried for 30 second(s) with 500 milliseconds interval)
	at org.openqa.selenium.support.ui.WebDriverWait.timeoutException(WebDriverWait.java:95)
	at org.openqa.selenium.support.ui.FluentWait.until(FluentWait.java:272)
	at test.automation.pageobject.BasePageObject.waitUntilPresence(BasePageObject.java:33)
	at test.automation.pages.RegisterScreen$ByteBuddy$kWkkdR5B.waitUntilPresence$accessor$HBe1KzPp(Unknown Source)
	at jdk.internal.reflect.GeneratedMethodAccessor28.invoke(Unknown Source)
	at java.base/jdk.internal.reflect.DelegatingMethodAccessorImpl.invoke(DelegatingMethodAccessorImpl.java:43)
	at java.base/java.lang.reflect.Method.invoke(Method.java:568)
	at net.thucydides.core.steps.BaseMethodRunner.invokeMethod(BaseMethodRunner.java:18)
	at net.thucydides.core.steps.NormalMethodRunner.invokeMethodAndNotifyFailures(NormalMethodRunner.java:18)
	at net.thucydides.core.steps.StepInterceptor.runNormalMethod(StepInterceptor.java:407)
	at net.thucydides.core.steps.StepInterceptor.testStepResult(StepInterceptor.java:192)
	at net.thucydides.core.steps.StepInterceptor.intercept(StepInterceptor.java:85)
	at net.thucydides.core.steps.ProxyConfiguration$InterceptorDispatcher.intercept(ProxyConfiguration.java:51)
	at test.automation.pages.RegisterScreen$ByteBuddy$kWkkdR5B.waitUntilPresence(Unknown Source)
	at test.automation.pageobject.BasePageObject.onType(BasePageObject.java:45)
	at test.automation.pages.RegisterScreen$ByteBuddy$kWkkdR5B.onType$accessor$HBe1KzPp(Unknown Source)
	at jdk.internal.reflect.GeneratedMethodAccessor29.invoke(Unknown Source)
	at java.base/jdk.internal.reflect.DelegatingMethodAccessorImpl.invoke(DelegatingMethodAccessorImpl.java:43)
	at java.base/java.lang.reflect.Method.invoke(Method.java:568)
	at net.thucydides.core.steps.BaseMethodRunner.invokeMethod(BaseMethodRunner.java:18)
	at net.thucydides.core.steps.NormalMethodRunner.invokeMethodAndNotifyFailures(NormalMethodRunner.java:18)
	at net.thucydides.core.steps.StepInterceptor.runNormalMethod(StepInterceptor.java:407)
	at net.thucydides.core.steps.StepInterceptor.testStepResult(StepInterceptor.java:192)
	at net.thucydides.core.steps.StepInterceptor.intercept(StepInterceptor.java:85)
	at net.thucydides.core.steps.ProxyConfiguration$InterceptorDispatcher.intercept(ProxyConfiguration.java:51)
	at test.automation.pages.RegisterScreen$ByteBuddy$kWkkdR5B.onType(Unknown Source)
	at test.automation.pages.RegisterScreen.typeConfirmPassword(RegisterScreen.java:46)
	at test.automation.pages.RegisterScreen$ByteBuddy$kWkkdR5B.typeConfirmPassword$accessor$HBe1KzPp(Unknown Source)
	at java.base/jdk.internal.reflect.NativeMethodAccessorImpl.invoke0(Native Method)
	at java.base/jdk.internal.reflect.NativeMethodAccessorImpl.invoke(NativeMethodAccessorImpl.java:77)
	at java.base/jdk.internal.reflect.DelegatingMethodAccessorImpl.invoke(DelegatingMethodAccessorImpl.java:43)
	at java.base/java.lang.reflect.Method.invoke(Method.java:568)
	at net.thucydides.core.steps.StepInterceptor.invokeMethod(StepInterceptor.java:504)
	at net.thucydides.core.steps.StepInterceptor.executeTestStepMethod(StepInterceptor.java:484)
	at net.thucydides.core.steps.StepInterceptor.runTestStep(StepInterceptor.java:458)
	at net.thucydides.core.steps.StepInterceptor.runOrSkipMethod(StepInterceptor.java:210)
	at net.thucydides.core.steps.StepInterceptor.testStepResult(StepInterceptor.java:197)
	at net.thucydides.core.steps.StepInterceptor.intercept(StepInterceptor.java:85)
	at net.thucydides.core.steps.ProxyConfiguration$InterceptorDispatcher.intercept(ProxyConfiguration.java:51)
	at test.automation.pages.RegisterScreen$ByteBuddy$kWkkdR5B.typeConfirmPassword(Unknown Source)
	at test.automation.stepdefinitions.RegisterSteps.inputValidConfirmPassword5(RegisterSteps.java:252)
	at âœ½.user input valid confirm password5 susah(file:///C:/Users/LENOVO-PC/OneDrive%20-%20IT-PLN/Dokumen/apenim/Diskusiaza-QE/Android%20Test/src/test/resources/features/Register.feature:60)
Caused by: org.openqa.selenium.NoSuchElementException: An element could not be located on the page using the given search parameters.
For documentation on this error, please visit: https://www.seleniumhq.org/exceptions/no_such_element.html
Build info: version: '3.141.59', revision: 'e82be7d358', time: '2018-11-14T08:17:03'
System info: host: 'MUTHIA17', ip: '192.168.1.20', os.name: 'Windows 11', os.arch: 'amd64', os.version: '10.0', java.version: '17.0.2'
Driver info: io.appium.java_client.android.AndroidDriver
Capabilities {app: C:\Users\LENOVO-PC\OneDrive..., appPackage: com.example.diskusiaza_mobile, automationName: UiAutomator2, connectHardwareKeyboard: false, databaseEnabled: false, desired: {app: C:\Users\LENOVO-PC\OneDrive..., automationName: UiAutomator2, connectHardwareKeyboard: false, noReset: false, platformName: android, platformVersion: 12, resetKeyboard: true, unicodeKeyboard: true}, deviceApiLevel: 31, deviceManufacturer: Google, deviceModel: sdk_gphone64_x86_64, deviceName: emulator-5554, deviceScreenDensity: 440, deviceScreenSize: 1080x2280, deviceUDID: emulator-5554, javascriptEnabled: true, locationContextEnabled: false, networkConnectionEnabled: true, noReset: false, pixelRatio: 2.75, platform: LINUX, platformName: Android, platformVersion: 12, resetKeyboard: true, statBarHeight: 83, takesScreenshot: true, unicodeKeyboard: true, viewportRect: {height: 2065, left: 0, top: 83, width: 1080}, warnings: {}, webStorageEnabled: false}
Session ID: 517ccb4b-2f99-48a7-b1be-82f42a352068
*** Element info: {Using=xpath, value=//android.view.View/android.widget.EditText[5]}
	at java.base/jdk.internal.reflect.NativeConstructorAccessorImpl.newInstance0(Native Method)
	at java.base/jdk.internal.reflect.NativeConstructorAccessorImpl.newInstance(NativeConstructorAccessorImpl.java:77)
	at java.base/jdk.internal.reflect.DelegatingConstructorAccessorImpl.newInstance(DelegatingConstructorAccessorImpl.java:45)
	at java.base/java.lang.reflect.Constructor.newInstanceWithCaller(Constructor.java:499)
	at java.base/java.lang.reflect.Constructor.newInstance(Constructor.java:480)
	at org.openqa.selenium.remote.http.W3CHttpResponseCodec.createException(W3CHttpResponseCodec.java:187)
	at org.openqa.selenium.remote.http.W3CHttpResponseCodec.decode(W3CHttpResponseCodec.java:122)
	at org.openqa.selenium.remote.http.W3CHttpResponseCodec.decode(W3CHttpResponseCodec.java:49)
	at org.openqa.selenium.remote.HttpCommandExecutor.execute(HttpCommandExecutor.java:158)
	at io.appium.java_client.remote.AppiumCommandExecutor.execute(AppiumCommandExecutor.java:250)
	at org.openqa.selenium.remote.RemoteWebDriver.execute(RemoteWebDriver.java:552)
	at io.appium.java_client.DefaultGenericMobileDriver.execute(DefaultGenericMobileDriver.java:41)
	at io.appium.java_client.AppiumDriver.execute(AppiumDriver.java:1)
	at io.appium.java_client.android.AndroidDriver.execute(AndroidDriver.java:1)
	at org.openqa.selenium.remote.RemoteWebDriver.findElement(RemoteWebDriver.java:323)
	at io.appium.java_client.DefaultGenericMobileDriver.findElement(DefaultGenericMobileDriver.java:61)
	at io.appium.java_client.AppiumDriver.findElement(AppiumDriver.java:1)
	at io.appium.java_client.android.AndroidDriver.findElement(AndroidDriver.java:1)
	at org.openqa.selenium.remote.RemoteWebDriver.findElementByXPath(RemoteWebDriver.java:428)
	at io.appium.java_client.DefaultGenericMobileDriver.findElementByXPath(DefaultGenericMobileDriver.java:151)
	at io.appium.java_client.AppiumDriver.findElementByXPath(AppiumDriver.java:1)
	at io.appium.java_client.android.AndroidDriver.findElementByXPath(AndroidDriver.java:1)
	at org.openqa.selenium.By$ByXPath.findElement(By.java:353)
	at org.openqa.selenium.remote.RemoteWebDriver.findElement(RemoteWebDriver.java:315)
	at io.appium.java_client.DefaultGenericMobileDriver.findElement(DefaultGenericMobileDriver.java:57)
	at io.appium.java_client.AppiumDriver.findElement(AppiumDriver.java:1)
	at io.appium.java_client.android.AndroidDriver.findElement(AndroidDriver.java:1)
	at org.openqa.selenium.support.ui.ExpectedConditions$6.apply(ExpectedConditions.java:182)
	at org.openqa.selenium.support.ui.ExpectedConditions$6.apply(ExpectedConditions.java:179)
	at org.openqa.selenium.support.ui.FluentWait.until(FluentWait.java:249)
	at test.automation.pageobject.BasePageObject.waitUntilPresence(BasePageObject.java:33)
	at test.automation.pages.RegisterScreen$ByteBuddy$kWkkdR5B.waitUntilPresence$accessor$HBe1KzPp(Unknown Source)
	at jdk.internal.reflect.GeneratedMethodAccessor28.invoke(Unknown Source)
	at java.base/jdk.internal.reflect.DelegatingMethodAccessorImpl.invoke(DelegatingMethodAccessorImpl.java:43)
	at java.base/java.lang.reflect.Method.invoke(Method.java:568)
	at net.thucydides.core.steps.BaseMethodRunner.invokeMethod(BaseMethodRunner.java:18)
	at net.thucydides.core.steps.NormalMethodRunner.invokeMethodAndNotifyFailures(NormalMethodRunner.java:18)
	at net.thucydides.core.steps.StepInterceptor.runNormalMethod(StepInterceptor.java:407)
	at net.thucydides.core.steps.StepInterceptor.testStepResult(StepInterceptor.java:192)
	at net.thucydides.core.steps.StepInterceptor.intercept(StepInterceptor.java:85)
	at net.thucydides.core.steps.ProxyConfiguration$InterceptorDispatcher.intercept(ProxyConfiguration.java:51)
	at test.automation.pages.RegisterScreen$ByteBuddy$kWkkdR5B.waitUntilPresence(Unknown Source)
	at test.automation.pageobject.BasePageObject.onType(BasePageObject.java:45)
	at test.automation.pages.RegisterScreen$ByteBuddy$kWkkdR5B.onType$accessor$HBe1KzPp(Unknown Source)
	at jdk.internal.reflect.GeneratedMethodAccessor29.invoke(Unknown Source)
	at java.base/jdk.internal.reflect.DelegatingMethodAccessorImpl.invoke(DelegatingMethodAccessorImpl.java:43)
	at java.base/java.lang.reflect.Method.invoke(Method.java:568)
	at net.thucydides.core.steps.BaseMethodRunner.invokeMethod(BaseMethodRunner.java:18)
	at net.thucydides.core.steps.NormalMethodRunner.invokeMethodAndNotifyFailures(NormalMethodRunner.java:18)
	at net.thucydides.core.steps.StepInterceptor.runNormalMethod(StepInterceptor.java:407)
	at net.thucydides.core.steps.StepInterceptor.testStepResult(StepInterceptor.java:192)
	at net.thucydides.core.steps.StepInterceptor.intercept(StepInterceptor.java:85)
	at net.thucydides.core.steps.ProxyConfiguration$InterceptorDispatcher.intercept(ProxyConfiguration.java:51)
	at test.automation.pages.RegisterScreen$ByteBuddy$kWkkdR5B.onType(Unknown Source)
	at test.automation.pages.RegisterScreen.typeConfirmPassword(RegisterScreen.java:46)
	at test.automation.pages.RegisterScreen$ByteBuddy$kWkkdR5B.typeConfirmPassword$accessor$HBe1KzPp(Unknown Source)
	at java.base/jdk.internal.reflect.NativeMethodAccessorImpl.invoke0(Native Method)
	at java.base/jdk.internal.reflect.NativeMethodAccessorImpl.invoke(NativeMethodAccessorImpl.java:77)
	at java.base/jdk.internal.reflect.DelegatingMethodAccessorImpl.invoke(DelegatingMethodAccessorImpl.java:43)
	at java.base/java.lang.reflect.Method.invoke(Method.java:568)
	at net.thucydides.core.steps.StepInterceptor.invokeMethod(StepInterceptor.java:504)
	at net.thucydides.core.steps.StepInterceptor.executeTestStepMethod(StepInterceptor.java:484)
	at net.thucydides.core.steps.StepInterceptor.runTestStep(StepInterceptor.java:458)
	at net.thucydides.core.steps.StepInterceptor.runOrSkipMethod(StepInterceptor.java:210)
	at net.thucydides.core.steps.StepInterceptor.testStepResult(StepInterceptor.java:197)
	at net.thucydides.core.steps.StepInterceptor.intercept(StepInterceptor.java:85)
	at net.thucydides.core.steps.ProxyConfiguration$InterceptorDispatcher.intercept(ProxyConfiguration.java:51)
	at test.automation.pages.RegisterScreen$ByteBuddy$kWkkdR5B.typeConfirmPassword(Unknown Source)
	at test.automation.stepdefinitions.RegisterSteps.inputValidConfirmPassword5(RegisterSteps.java:252)
	at java.base/jdk.internal.reflect.NativeMethodAccessorImpl.invoke0(Native Method)
	at java.base/jdk.internal.reflect.NativeMethodAccessorImpl.invoke(NativeMethodAccessorImpl.java:77)
	at java.base/jdk.internal.reflect.DelegatingMethodAccessorImpl.invoke(DelegatingMethodAccessorImpl.java:43)
	at java.base/java.lang.reflect.Method.invoke(Method.java:568)
	at io.cucumber.java.Invoker.doInvoke(Invoker.java:66)
	at io.cucumber.java.Invoker.invoke(Invoker.java:24)
	at io.cucumber.java.AbstractGlueDefinition.invokeMethod(AbstractGlueDefinition.java:47)
	at io.cucumber.java.JavaStepDefinition.execute(JavaStepDefinition.java:29)
	at io.cucumber.core.runner.CoreStepDefinition.execute(CoreStepDefinition.java:66)
	at io.cucumber.core.runner.PickleStepDefinitionMatch.runStep(PickleStepDefinitionMatch.java:63)
	at io.cucumber.core.runner.ExecutionMode$1.execute(ExecutionMode.java:10)
	at io.cucumber.core.runner.TestStep.executeStep(TestStep.java:92)
	at io.cucumber.core.runner.TestStep.run(TestStep.java:64)
	at io.cucumber.core.runner.PickleStepTestStep.run(PickleStepTestStep.java:51)
	at io.cucumber.core.runner.TestCase.run(TestCase.java:104)
	at io.cucumber.core.runner.Runner.runPickle(Runner.java:73)
	at io.cucumber.junit.PickleRunners$WithStepDescriptions.run(PickleRunners.java:110)
	at io.cucumber.junit.FeatureRunner.runChild(FeatureRunner.java:135)
	at io.cucumber.junit.FeatureRunner.runChild(FeatureRunner.java:27)
	at org.junit.runners.ParentRunner$4.run(ParentRunner.java:331)
	at org.junit.runners.ParentRunner$1.schedule(ParentRunner.java:79)
	at org.junit.runners.ParentRunner.runChildren(ParentRunner.java:329)
	at org.junit.runners.ParentRunner.access$100(ParentRunner.java:66)
	at org.junit.runners.ParentRunner$2.evaluate(ParentRunner.java:293)
	at org.junit.runners.ParentRunner$3.evaluate(ParentRunner.java:306)
	at org.junit.runners.ParentRunner.run(ParentRunner.java:413)
	at io.cucumber.junit.CucumberSerenityRunner.runChild(CucumberSerenityRunner.java:258)
	at io.cucumber.junit.CucumberSerenityRunner.runChild(CucumberSerenityRunner.java:57)
	at org.junit.runners.ParentRunner$4.run(ParentRunner.java:331)
	at org.junit.runners.ParentRunner$1.schedule(ParentRunner.java:79)
	at org.junit.runners.ParentRunner.runChildren(ParentRunner.java:329)
	at org.junit.runners.ParentRunner.access$100(ParentRunner.java:66)
	at org.junit.runners.ParentRunner$2.evaluate(ParentRunner.java:293)
	at io.cucumber.junit.CucumberSerenityRunner$RunCucumber.evaluate(CucumberSerenityRunner.java:286)
	at org.junit.runners.ParentRunner$3.evaluate(ParentRunner.java:306)
	at org.junit.runners.ParentRunner.run(ParentRunner.java:413)
	at org.apache.maven.surefire.junit4.JUnit4Provider.execute(JUnit4Provider.java:367)
	at org.apache.maven.surefire.junit4.JUnit4Provider.executeWithRerun(JUnit4Provider.java:274)
	at org.apache.maven.surefire.junit4.JUnit4Provider.executeTestSet(JUnit4Provider.java:238)
	at org.apache.maven.surefire.junit4.JUnit4Provider.invoke(JUnit4Provider.java:161)
	at org.apache.maven.surefire.booter.ForkedBooter.invokeProviderInSameClassLoader(ForkedBooter.java:290)
	at org.apache.maven.surefire.booter.ForkedBooter.runSuitesInProcess(ForkedBooter.java:242)
	at org.apache.maven.surefire.booter.ForkedBooter.main(ForkedBooter.java:121)
&amp#27;[0m
]]></system-out>
  </testcase>
  <testcase name="user pilih jenis kelamin5" classname="user tidak memasukan password" time="0">
    <skipped/>
    <system-out><![CDATA[  &amp#27;[36mAnd &amp#27;[0m&amp#27;[36muser input valid tanggal lahir5&amp#27;[0m                  &amp#27;[90m# test.automation.stepdefinitions.RegisterSteps.inputValidTanggal5()&amp#27;[0m
]]></system-out>
  </testcase>
  <testcase name="user klik Daftar button5" classname="user tidak memasukan password" time="0">
    <skipped/>
    <system-out><![CDATA[  &amp#27;[36mAnd &amp#27;[0m&amp#27;[36muser pilih jenis kelamin5&amp#27;[0m                        &amp#27;[90m# test.automation.stepdefinitions.RegisterSteps.inputValidKelamin5()&amp#27;[0m
]]></system-out>
  </testcase>
  <testcase name="user got message5 &apos;password tidak boleh kosong&apos;" classname="user tidak memasukan password" time="0">
    <skipped/>
    <system-out><![CDATA[  &amp#27;[36mAnd &amp#27;[0m&amp#27;[36muser klik Daftar button5&amp#27;[0m                         &amp#27;[90m# test.automation.stepdefinitions.RegisterSteps.DaftarButton5()&amp#27;[0m
]]></system-out>
  </testcase>
  <testcase name="user tidak memasukan password" classname="user tidak memasukan password" time="0.001">
    <error message="Expected condition failed: waiting for presence of element located by: By.xpath: //android.view.View/android.widget.EditText[5] (tried for 30 second(s) with 500 milliseconds interval)" type="org.openqa.selenium.TimeoutException">org.openqa.selenium.TimeoutException: Expected condition failed: waiting for presence of element located by: By.xpath: //android.view.View/android.widget.EditText[5] (tried for 30 second(s) with 500 milliseconds interval)
Caused by: org.openqa.selenium.NoSuchElementException: 
An element could not be located on the page using the given search parameters.
For documentation on this error, please visit: https://www.seleniumhq.org/exceptions/no_such_element.html
Build info: version: '3.141.59', revision: 'e82be7d358', time: '2018-11-14T08:17:03'
System info: host: 'MUTHIA17', ip: '192.168.1.20', os.name: 'Windows 11', os.arch: 'amd64', os.version: '10.0', java.version: '17.0.2'
Driver info: io.appium.java_client.android.AndroidDriver
Capabilities {app: C:\Users\LENOVO-PC\OneDrive..., appPackage: com.example.diskusiaza_mobile, automationName: UiAutomator2, connectHardwareKeyboard: false, databaseEnabled: false, desired: {app: C:\Users\LENOVO-PC\OneDrive..., automationName: UiAutomator2, connectHardwareKeyboard: false, noReset: false, platformName: android, platformVersion: 12, resetKeyboard: true, unicodeKeyboard: true}, deviceApiLevel: 31, deviceManufacturer: Google, deviceModel: sdk_gphone64_x86_64, deviceName: emulator-5554, deviceScreenDensity: 440, deviceScreenSize: 1080x2280, deviceUDID: emulator-5554, javascriptEnabled: true, locationContextEnabled: false, networkConnectionEnabled: true, noReset: false, pixelRatio: 2.75, platform: LINUX, platformName: Android, platformVersion: 12, resetKeyboard: true, statBarHeight: 83, takesScreenshot: true, unicodeKeyboard: true, viewportRect: {height: 2065, left: 0, top: 83, width: 1080}, warnings: {}, webStorageEnabled: false}
Session ID: 517ccb4b-2f99-48a7-b1be-82f42a352068
*** Element info: {Using=xpath, value=//android.view.View/android.widget.EditText[5]}
</error>
    <system-out><![CDATA[  &amp#27;[36mThen &amp#27;[0m&amp#27;[36muser got message5 &amp#27;[0m&amp#27;[36m&amp#27;[1m'password tidak boleh kosong'&amp#27;[0m &amp#27;[90m# test.automation.stepdefinitions.RegisterSteps.unsuccessToLoginPage5(java.lang.String)&amp#27;[0m
]]></system-out>
  </testcase>
  <testcase name="user open login page" classname="user tidak memasukan nama belakang" time="12.269"/>
  <testcase name="user click sign up" classname="user tidak memasukan nama belakang" time="0.112"/>
  <testcase name="user input valid nama depan6 siti" classname="user tidak memasukan nama belakang" time="1.287"/>
  <testcase name="user input valid email6 sitimutee@gmail.com" classname="user tidak memasukan nama belakang" time="1.158"/>
  <testcase name="user input valid password6 susah" classname="user tidak memasukan nama belakang" time="1.152"/>
  <testcase name="user input valid confirm password6 susah" classname="user tidak memasukan nama belakang" time="1.144"/>
  <testcase name="user input valid tanggal lahir6" classname="user tidak memasukan nama belakang" time="3.3"/>
  <testcase name="user pilih jenis kelamin6" classname="user tidak memasukan nama belakang" time="0.097"/>
  <testcase name="user klik Daftar button6" classname="user tidak memasukan nama belakang" time="0.617"/>
  <testcase name="user got message6 &apos;nama belakang tidak boleh kosong&apos;" classname="user tidak memasukan nama belakang" time="0.001"/>
  <testcase name="user tidak memasukan nama belakang" classname="user tidak memasukan nama belakang" time="0.006"/>
  <testcase name="user open login page" classname="user tidak memasukan jenis kelamin" time="12.607"/>
  <testcase name="user click sign up" classname="user tidak memasukan jenis kelamin" time="0.108"/>
  <testcase name="user input valid nama depan7 siti" classname="user tidak memasukan jenis kelamin" time="1.313"/>
  <testcase name="user pilih nama belakang7 mutee" classname="user tidak memasukan jenis kelamin" time="1.156"/>
  <testcase name="user input valid email7 sitimutee@gmail.com" classname="user tidak memasukan jenis kelamin" time="1.164"/>
  <testcase name="user input valid password7 susah" classname="user tidak memasukan jenis kelamin" time="1.164"/>
  <testcase name="user input valid confirm password7 susah" classname="user tidak memasukan jenis kelamin" time="1.144"/>
  <testcase name="user input valid tanggal lahir7" classname="user tidak memasukan jenis kelamin" time="3.281"/>
  <testcase name="user klik Daftar button7" classname="user tidak memasukan jenis kelamin" time="0.718"/>
  <testcase name="user got message7 &apos;pilih jenis kelamin&apos;" classname="user tidak memasukan jenis kelamin" time="0.001"/>
  <testcase name="user tidak memasukan jenis kelamin" classname="user tidak memasukan jenis kelamin" time="0.004"/>
  <testcase name="user open login page" classname="user tidak mengisi confirm password" time="12.293"/>
  <testcase name="user click sign up" classname="user tidak mengisi confirm password" time="0.123"/>
  <testcase name="user input valid nama depan8 siti" classname="user tidak mengisi confirm password" time="1.327"/>
  <testcase name="user pilih nama belakang8 mutee" classname="user tidak mengisi confirm password" time="1.168"/>
  <testcase name="user input valid email8 sitimutee@gmail.com" classname="user tidak mengisi confirm password" time="1.167"/>
  <testcase name="user input valid password8 susah" classname="user tidak mengisi confirm password" time="1.332"/>
  <testcase name="user input valid jenis kelamin8" classname="user tidak mengisi confirm password" time="0.597"/>
  <testcase name="user input valid tanggal lahir8" classname="user tidak mengisi confirm password" time="40.158">
    <error message="Expected condition failed: waiting for element to be clickable: By.AccessibilityId: Switch to input (tried for 30 second(s) with 500 milliseconds interval)" type="org.openqa.selenium.TimeoutException">org.openqa.selenium.TimeoutException: Expected condition failed: waiting for element to be clickable: By.AccessibilityId: Switch to input (tried for 30 second(s) with 500 milliseconds interval)
Caused by: org.openqa.selenium.NoSuchElementException: 
An element could not be located on the page using the given search parameters.
For documentation on this error, please visit: https://www.seleniumhq.org/exceptions/no_such_element.html
Build info: version: '3.141.59', revision: 'e82be7d358', time: '2018-11-14T08:17:03'
System info: host: 'MUTHIA17', ip: '192.168.1.20', os.name: 'Windows 11', os.arch: 'amd64', os.version: '10.0', java.version: '17.0.2'
Driver info: io.appium.java_client.android.AndroidDriver
Capabilities {app: C:\Users\LENOVO-PC\OneDrive..., appPackage: com.example.diskusiaza_mobile, automationName: UiAutomator2, connectHardwareKeyboard: false, databaseEnabled: false, desired: {app: C:\Users\LENOVO-PC\OneDrive..., automationName: UiAutomator2, connectHardwareKeyboard: false, noReset: false, platformName: android, platformVersion: 12, resetKeyboard: true, unicodeKeyboard: true}, deviceApiLevel: 31, deviceManufacturer: Google, deviceModel: sdk_gphone64_x86_64, deviceName: emulator-5554, deviceScreenDensity: 440, deviceScreenSize: 1080x2280, deviceUDID: emulator-5554, javascriptEnabled: true, locationContextEnabled: false, networkConnectionEnabled: true, noReset: false, pixelRatio: 2.75, platform: LINUX, platformName: Android, platformVersion: 12, resetKeyboard: true, statBarHeight: 83, takesScreenshot: true, unicodeKeyboard: true, viewportRect: {height: 2065, left: 0, top: 83, width: 1080}, warnings: {}, webStorageEnabled: false}
Session ID: 001913af-9e5f-4a55-9510-0215ddb690ad
*** Element info: {Using=accessibility id, value=Switch to input}
</error>
    <system-out><![CDATA[  &amp#27;[32mAnd &amp#27;[0m&amp#27;[32muser input valid jenis kelamin8&amp#27;[0m                   &amp#27;[90m# test.automation.stepdefinitions.RegisterSteps.inputValidKelamin8()&amp#27;[0m
]]></system-out>
  </testcase>
  <testcase name="user klik Daftar button8" classname="user tidak mengisi confirm password" time="0">
    <skipped/>
    <system-out><![CDATA[  &amp#27;[31mAnd &amp#27;[0m&amp#27;[31muser input valid tanggal lahir8&amp#27;[0m                   &amp#27;[90m# test.automation.stepdefinitions.RegisterSteps.inputValidTanggal8()&amp#27;[0m
      &amp#27;[31morg.openqa.selenium.TimeoutException: Expected condition failed: waiting for element to be clickable: By.AccessibilityId: Switch to input (tried for 30 second(s) with 500 milliseconds interval)
	at org.openqa.selenium.support.ui.WebDriverWait.timeoutException(WebDriverWait.java:95)
	at org.openqa.selenium.support.ui.FluentWait.until(FluentWait.java:272)
	at test.automation.pageobject.BasePageObject.waitUntilClickable(BasePageObject.java:29)
	at test.automation.pages.RegisterScreen$ByteBuddy$kWkkdR5B.waitUntilClickable$accessor$HBe1KzPp(Unknown Source)
	at jdk.internal.reflect.GeneratedMethodAccessor27.invoke(Unknown Source)
	at java.base/jdk.internal.reflect.DelegatingMethodAccessorImpl.invoke(DelegatingMethodAccessorImpl.java:43)
	at java.base/java.lang.reflect.Method.invoke(Method.java:568)
	at net.thucydides.core.steps.BaseMethodRunner.invokeMethod(BaseMethodRunner.java:18)
	at net.thucydides.core.steps.NormalMethodRunner.invokeMethodAndNotifyFailures(NormalMethodRunner.java:18)
	at net.thucydides.core.steps.StepInterceptor.runNormalMethod(StepInterceptor.java:407)
	at net.thucydides.core.steps.StepInterceptor.testStepResult(StepInterceptor.java:192)
	at net.thucydides.core.steps.StepInterceptor.intercept(StepInterceptor.java:85)
	at net.thucydides.core.steps.ProxyConfiguration$InterceptorDispatcher.intercept(ProxyConfiguration.java:51)
	at test.automation.pages.RegisterScreen$ByteBuddy$kWkkdR5B.waitUntilClickable(Unknown Source)
	at test.automation.pageobject.BasePageObject.onClick(BasePageObject.java:41)
	at test.automation.pages.RegisterScreen$ByteBuddy$kWkkdR5B.onClick$accessor$HBe1KzPp(Unknown Source)
	at jdk.internal.reflect.GeneratedMethodAccessor26.invoke(Unknown Source)
	at java.base/jdk.internal.reflect.DelegatingMethodAccessorImpl.invoke(DelegatingMethodAccessorImpl.java:43)
	at java.base/java.lang.reflect.Method.invoke(Method.java:568)
	at net.thucydides.core.steps.BaseMethodRunner.invokeMethod(BaseMethodRunner.java:18)
	at net.thucydides.core.steps.NormalMethodRunner.invokeMethodAndNotifyFailures(NormalMethodRunner.java:18)
	at net.thucydides.core.steps.StepInterceptor.runNormalMethod(StepInterceptor.java:407)
	at net.thucydides.core.steps.StepInterceptor.testStepResult(StepInterceptor.java:192)
	at net.thucydides.core.steps.StepInterceptor.intercept(StepInterceptor.java:85)
	at net.thucydides.core.steps.ProxyConfiguration$InterceptorDispatcher.intercept(ProxyConfiguration.java:51)
	at test.automation.pages.RegisterScreen$ByteBuddy$kWkkdR5B.onClick(Unknown Source)
	at test.automation.pages.RegisterScreen.switchToManual(RegisterScreen.java:54)
	at test.automation.pages.RegisterScreen$ByteBuddy$kWkkdR5B.switchToManual$accessor$HBe1KzPp(Unknown Source)
	at java.base/jdk.internal.reflect.NativeMethodAccessorImpl.invoke0(Native Method)
	at java.base/jdk.internal.reflect.NativeMethodAccessorImpl.invoke(NativeMethodAccessorImpl.java:77)
	at java.base/jdk.internal.reflect.DelegatingMethodAccessorImpl.invoke(DelegatingMethodAccessorImpl.java:43)
	at java.base/java.lang.reflect.Method.invoke(Method.java:568)
	at net.thucydides.core.steps.StepInterceptor.invokeMethod(StepInterceptor.java:504)
	at net.thucydides.core.steps.StepInterceptor.executeTestStepMethod(StepInterceptor.java:484)
	at net.thucydides.core.steps.StepInterceptor.runTestStep(StepInterceptor.java:458)
	at net.thucydides.core.steps.StepInterceptor.runOrSkipMethod(StepInterceptor.java:210)
	at net.thucydides.core.steps.StepInterceptor.testStepResult(StepInterceptor.java:197)
	at net.thucydides.core.steps.StepInterceptor.intercept(StepInterceptor.java:85)
	at net.thucydides.core.steps.ProxyConfiguration$InterceptorDispatcher.intercept(ProxyConfiguration.java:51)
	at test.automation.pages.RegisterScreen$ByteBuddy$kWkkdR5B.switchToManual(Unknown Source)
	at test.automation.stepdefinitions.RegisterSteps.inputValidTanggal8(RegisterSteps.java:400)
	at âœ½.user input valid tanggal lahir8(file:///C:/Users/LENOVO-PC/OneDrive%20-%20IT-PLN/Dokumen/apenim/Diskusiaza-QE/Android%20Test/src/test/resources/features/Register.feature:98)
Caused by: org.openqa.selenium.NoSuchElementException: An element could not be located on the page using the given search parameters.
For documentation on this error, please visit: https://www.seleniumhq.org/exceptions/no_such_element.html
Build info: version: '3.141.59', revision: 'e82be7d358', time: '2018-11-14T08:17:03'
System info: host: 'MUTHIA17', ip: '192.168.1.20', os.name: 'Windows 11', os.arch: 'amd64', os.version: '10.0', java.version: '17.0.2'
Driver info: io.appium.java_client.android.AndroidDriver
Capabilities {app: C:\Users\LENOVO-PC\OneDrive..., appPackage: com.example.diskusiaza_mobile, automationName: UiAutomator2, connectHardwareKeyboard: false, databaseEnabled: false, desired: {app: C:\Users\LENOVO-PC\OneDrive..., automationName: UiAutomator2, connectHardwareKeyboard: false, noReset: false, platformName: android, platformVersion: 12, resetKeyboard: true, unicodeKeyboard: true}, deviceApiLevel: 31, deviceManufacturer: Google, deviceModel: sdk_gphone64_x86_64, deviceName: emulator-5554, deviceScreenDensity: 440, deviceScreenSize: 1080x2280, deviceUDID: emulator-5554, javascriptEnabled: true, locationContextEnabled: false, networkConnectionEnabled: true, noReset: false, pixelRatio: 2.75, platform: LINUX, platformName: Android, platformVersion: 12, resetKeyboard: true, statBarHeight: 83, takesScreenshot: true, unicodeKeyboard: true, viewportRect: {height: 2065, left: 0, top: 83, width: 1080}, warnings: {}, webStorageEnabled: false}
Session ID: 001913af-9e5f-4a55-9510-0215ddb690ad
*** Element info: {Using=accessibility id, value=Switch to input}
	at java.base/jdk.internal.reflect.NativeConstructorAccessorImpl.newInstance0(Native Method)
	at java.base/jdk.internal.reflect.NativeConstructorAccessorImpl.newInstance(NativeConstructorAccessorImpl.java:77)
	at java.base/jdk.internal.reflect.DelegatingConstructorAccessorImpl.newInstance(DelegatingConstructorAccessorImpl.java:45)
	at java.base/java.lang.reflect.Constructor.newInstanceWithCaller(Constructor.java:499)
	at java.base/java.lang.reflect.Constructor.newInstance(Constructor.java:480)
	at org.openqa.selenium.remote.http.W3CHttpResponseCodec.createException(W3CHttpResponseCodec.java:187)
	at org.openqa.selenium.remote.http.W3CHttpResponseCodec.decode(W3CHttpResponseCodec.java:122)
	at org.openqa.selenium.remote.http.W3CHttpResponseCodec.decode(W3CHttpResponseCodec.java:49)
	at org.openqa.selenium.remote.HttpCommandExecutor.execute(HttpCommandExecutor.java:158)
	at io.appium.java_client.remote.AppiumCommandExecutor.execute(AppiumCommandExecutor.java:250)
	at org.openqa.selenium.remote.RemoteWebDriver.execute(RemoteWebDriver.java:552)
	at io.appium.java_client.DefaultGenericMobileDriver.execute(DefaultGenericMobileDriver.java:41)
	at io.appium.java_client.AppiumDriver.execute(AppiumDriver.java:1)
	at io.appium.java_client.android.AndroidDriver.execute(AndroidDriver.java:1)
	at org.openqa.selenium.remote.RemoteWebDriver.findElement(RemoteWebDriver.java:323)
	at io.appium.java_client.DefaultGenericMobileDriver.findElement(DefaultGenericMobileDriver.java:61)
	at io.appium.java_client.AppiumDriver.findElement(AppiumDriver.java:1)
	at io.appium.java_client.android.AndroidDriver.findElement(AndroidDriver.java:1)
	at io.appium.java_client.FindsByAccessibilityId.findElementByAccessibilityId(FindsByAccessibilityId.java:37)
	at io.appium.java_client.MobileBy$ByAccessibilityId.findElement(MobileBy.java:284)
	at org.openqa.selenium.remote.RemoteWebDriver.findElement(RemoteWebDriver.java:315)
	at io.appium.java_client.DefaultGenericMobileDriver.findElement(DefaultGenericMobileDriver.java:57)
	at io.appium.java_client.AppiumDriver.findElement(AppiumDriver.java:1)
	at io.appium.java_client.android.AndroidDriver.findElement(AndroidDriver.java:1)
	at org.openqa.selenium.support.ui.ExpectedConditions$7.apply(ExpectedConditions.java:205)
	at org.openqa.selenium.support.ui.ExpectedConditions$7.apply(ExpectedConditions.java:201)
	at org.openqa.selenium.support.ui.ExpectedConditions$22.apply(ExpectedConditions.java:641)
	at org.openqa.selenium.support.ui.ExpectedConditions$22.apply(ExpectedConditions.java:638)
	at org.openqa.selenium.support.ui.FluentWait.until(FluentWait.java:249)
	at test.automation.pageobject.BasePageObject.waitUntilClickable(BasePageObject.java:29)
	at test.automation.pages.RegisterScreen$ByteBuddy$kWkkdR5B.waitUntilClickable$accessor$HBe1KzPp(Unknown Source)
	at jdk.internal.reflect.GeneratedMethodAccessor27.invoke(Unknown Source)
	at java.base/jdk.internal.reflect.DelegatingMethodAccessorImpl.invoke(DelegatingMethodAccessorImpl.java:43)
	at java.base/java.lang.reflect.Method.invoke(Method.java:568)
	at net.thucydides.core.steps.BaseMethodRunner.invokeMethod(BaseMethodRunner.java:18)
	at net.thucydides.core.steps.NormalMethodRunner.invokeMethodAndNotifyFailures(NormalMethodRunner.java:18)
	at net.thucydides.core.steps.StepInterceptor.runNormalMethod(StepInterceptor.java:407)
	at net.thucydides.core.steps.StepInterceptor.testStepResult(StepInterceptor.java:192)
	at net.thucydides.core.steps.StepInterceptor.intercept(StepInterceptor.java:85)
	at net.thucydides.core.steps.ProxyConfiguration$InterceptorDispatcher.intercept(ProxyConfiguration.java:51)
	at test.automation.pages.RegisterScreen$ByteBuddy$kWkkdR5B.waitUntilClickable(Unknown Source)
	at test.automation.pageobject.BasePageObject.onClick(BasePageObject.java:41)
	at test.automation.pages.RegisterScreen$ByteBuddy$kWkkdR5B.onClick$accessor$HBe1KzPp(Unknown Source)
	at jdk.internal.reflect.GeneratedMethodAccessor26.invoke(Unknown Source)
	at java.base/jdk.internal.reflect.DelegatingMethodAccessorImpl.invoke(DelegatingMethodAccessorImpl.java:43)
	at java.base/java.lang.reflect.Method.invoke(Method.java:568)
	at net.thucydides.core.steps.BaseMethodRunner.invokeMethod(BaseMethodRunner.java:18)
	at net.thucydides.core.steps.NormalMethodRunner.invokeMethodAndNotifyFailures(NormalMethodRunner.java:18)
	at net.thucydides.core.steps.StepInterceptor.runNormalMethod(StepInterceptor.java:407)
	at net.thucydides.core.steps.StepInterceptor.testStepResult(StepInterceptor.java:192)
	at net.thucydides.core.steps.StepInterceptor.intercept(StepInterceptor.java:85)
	at net.thucydides.core.steps.ProxyConfiguration$InterceptorDispatcher.intercept(ProxyConfiguration.java:51)
	at test.automation.pages.RegisterScreen$ByteBuddy$kWkkdR5B.onClick(Unknown Source)
	at test.automation.pages.RegisterScreen.switchToManual(RegisterScreen.java:54)
	at test.automation.pages.RegisterScreen$ByteBuddy$kWkkdR5B.switchToManual$accessor$HBe1KzPp(Unknown Source)
	at java.base/jdk.internal.reflect.NativeMethodAccessorImpl.invoke0(Native Method)
	at java.base/jdk.internal.reflect.NativeMethodAccessorImpl.invoke(NativeMethodAccessorImpl.java:77)
	at java.base/jdk.internal.reflect.DelegatingMethodAccessorImpl.invoke(DelegatingMethodAccessorImpl.java:43)
	at java.base/java.lang.reflect.Method.invoke(Method.java:568)
	at net.thucydides.core.steps.StepInterceptor.invokeMethod(StepInterceptor.java:504)
	at net.thucydides.core.steps.StepInterceptor.executeTestStepMethod(StepInterceptor.java:484)
	at net.thucydides.core.steps.StepInterceptor.runTestStep(StepInterceptor.java:458)
	at net.thucydides.core.steps.StepInterceptor.runOrSkipMethod(StepInterceptor.java:210)
	at net.thucydides.core.steps.StepInterceptor.testStepResult(StepInterceptor.java:197)
	at net.thucydides.core.steps.StepInterceptor.intercept(StepInterceptor.java:85)
	at net.thucydides.core.steps.ProxyConfiguration$InterceptorDispatcher.intercept(ProxyConfiguration.java:51)
	at test.automation.pages.RegisterScreen$ByteBuddy$kWkkdR5B.switchToManual(Unknown Source)
	at test.automation.stepdefinitions.RegisterSteps.inputValidTanggal8(RegisterSteps.java:400)
	at java.base/jdk.internal.reflect.NativeMethodAccessorImpl.invoke0(Native Method)
	at java.base/jdk.internal.reflect.NativeMethodAccessorImpl.invoke(NativeMethodAccessorImpl.java:77)
	at java.base/jdk.internal.reflect.DelegatingMethodAccessorImpl.invoke(DelegatingMethodAccessorImpl.java:43)
	at java.base/java.lang.reflect.Method.invoke(Method.java:568)
	at io.cucumber.java.Invoker.doInvoke(Invoker.java:66)
	at io.cucumber.java.Invoker.invoke(Invoker.java:24)
	at io.cucumber.java.AbstractGlueDefinition.invokeMethod(AbstractGlueDefinition.java:47)
	at io.cucumber.java.JavaStepDefinition.execute(JavaStepDefinition.java:29)
	at io.cucumber.core.runner.CoreStepDefinition.execute(CoreStepDefinition.java:66)
	at io.cucumber.core.runner.PickleStepDefinitionMatch.runStep(PickleStepDefinitionMatch.java:63)
	at io.cucumber.core.runner.ExecutionMode$1.execute(ExecutionMode.java:10)
	at io.cucumber.core.runner.TestStep.executeStep(TestStep.java:92)
	at io.cucumber.core.runner.TestStep.run(TestStep.java:64)
	at io.cucumber.core.runner.PickleStepTestStep.run(PickleStepTestStep.java:51)
	at io.cucumber.core.runner.TestCase.run(TestCase.java:104)
	at io.cucumber.core.runner.Runner.runPickle(Runner.java:73)
	at io.cucumber.junit.PickleRunners$WithStepDescriptions.run(PickleRunners.java:110)
	at io.cucumber.junit.FeatureRunner.runChild(FeatureRunner.java:135)
	at io.cucumber.junit.FeatureRunner.runChild(FeatureRunner.java:27)
	at org.junit.runners.ParentRunner$4.run(ParentRunner.java:331)
	at org.junit.runners.ParentRunner$1.schedule(ParentRunner.java:79)
	at org.junit.runners.ParentRunner.runChildren(ParentRunner.java:329)
	at org.junit.runners.ParentRunner.access$100(ParentRunner.java:66)
	at org.junit.runners.ParentRunner$2.evaluate(ParentRunner.java:293)
	at org.junit.runners.ParentRunner$3.evaluate(ParentRunner.java:306)
	at org.junit.runners.ParentRunner.run(ParentRunner.java:413)
	at io.cucumber.junit.CucumberSerenityRunner.runChild(CucumberSerenityRunner.java:258)
	at io.cucumber.junit.CucumberSerenityRunner.runChild(CucumberSerenityRunner.java:57)
	at org.junit.runners.ParentRunner$4.run(ParentRunner.java:331)
	at org.junit.runners.ParentRunner$1.schedule(ParentRunner.java:79)
	at org.junit.runners.ParentRunner.runChildren(ParentRunner.java:329)
	at org.junit.runners.ParentRunner.access$100(ParentRunner.java:66)
	at org.junit.runners.ParentRunner$2.evaluate(ParentRunner.java:293)
	at io.cucumber.junit.CucumberSerenityRunner$RunCucumber.evaluate(CucumberSerenityRunner.java:286)
	at org.junit.runners.ParentRunner$3.evaluate(ParentRunner.java:306)
	at org.junit.runners.ParentRunner.run(ParentRunner.java:413)
	at org.apache.maven.surefire.junit4.JUnit4Provider.execute(JUnit4Provider.java:367)
	at org.apache.maven.surefire.junit4.JUnit4Provider.executeWithRerun(JUnit4Provider.java:274)
	at org.apache.maven.surefire.junit4.JUnit4Provider.executeTestSet(JUnit4Provider.java:238)
	at org.apache.maven.surefire.junit4.JUnit4Provider.invoke(JUnit4Provider.java:161)
	at org.apache.maven.surefire.booter.ForkedBooter.invokeProviderInSameClassLoader(ForkedBooter.java:290)
	at org.apache.maven.surefire.booter.ForkedBooter.runSuitesInProcess(ForkedBooter.java:242)
	at org.apache.maven.surefire.booter.ForkedBooter.main(ForkedBooter.java:121)
&amp#27;[0m
]]></system-out>
  </testcase>
  <testcase name="user got message8 &apos;confirm password perlu diisi&apos;" classname="user tidak mengisi confirm password" time="0">
    <skipped/>
    <system-out><![CDATA[  &amp#27;[36mAnd &amp#27;[0m&amp#27;[36muser klik Daftar button8&amp#27;[0m                          &amp#27;[90m# test.automation.stepdefinitions.RegisterSteps.DaftarButton8()&amp#27;[0m
]]></system-out>
  </testcase>
  <testcase name="user tidak mengisi confirm password" classname="user tidak mengisi confirm password" time="0.001">
    <error message="Expected condition failed: waiting for element to be clickable: By.AccessibilityId: Switch to input (tried for 30 second(s) with 500 milliseconds interval)" type="org.openqa.selenium.TimeoutException">org.openqa.selenium.TimeoutException: Expected condition failed: waiting for element to be clickable: By.AccessibilityId: Switch to input (tried for 30 second(s) with 500 milliseconds interval)
Caused by: org.openqa.selenium.NoSuchElementException: 
An element could not be located on the page using the given search parameters.
For documentation on this error, please visit: https://www.seleniumhq.org/exceptions/no_such_element.html
Build info: version: '3.141.59', revision: 'e82be7d358', time: '2018-11-14T08:17:03'
System info: host: 'MUTHIA17', ip: '192.168.1.20', os.name: 'Windows 11', os.arch: 'amd64', os.version: '10.0', java.version: '17.0.2'
Driver info: io.appium.java_client.android.AndroidDriver
Capabilities {app: C:\Users\LENOVO-PC\OneDrive..., appPackage: com.example.diskusiaza_mobile, automationName: UiAutomator2, connectHardwareKeyboard: false, databaseEnabled: false, desired: {app: C:\Users\LENOVO-PC\OneDrive..., automationName: UiAutomator2, connectHardwareKeyboard: false, noReset: false, platformName: android, platformVersion: 12, resetKeyboard: true, unicodeKeyboard: true}, deviceApiLevel: 31, deviceManufacturer: Google, deviceModel: sdk_gphone64_x86_64, deviceName: emulator-5554, deviceScreenDensity: 440, deviceScreenSize: 1080x2280, deviceUDID: emulator-5554, javascriptEnabled: true, locationContextEnabled: false, networkConnectionEnabled: true, noReset: false, pixelRatio: 2.75, platform: LINUX, platformName: Android, platformVersion: 12, resetKeyboard: true, statBarHeight: 83, takesScreenshot: true, unicodeKeyboard: true, viewportRect: {height: 2065, left: 0, top: 83, width: 1080}, warnings: {}, webStorageEnabled: false}
Session ID: 001913af-9e5f-4a55-9510-0215ddb690ad
*** Element info: {Using=accessibility id, value=Switch to input}
</error>
    <system-out><![CDATA[  &amp#27;[36mThen &amp#27;[0m&amp#27;[36muser got message8 &amp#27;[0m&amp#27;[36m&amp#27;[1m'confirm password perlu diisi'&amp#27;[0m &amp#27;[90m# test.automation.stepdefinitions.RegisterSteps.unsuccessToLoginPage8(java.lang.String)&amp#27;[0m
]]></system-out>
  </testcase>
</testsuite>